[INFO]2024-06-04 21:40:47,178 log.py:38: logs/2024_06_04_21_40_myrca.log
[INFO]2024-06-04 21:40:47,808 run.py:892: mode: rca
[INFO]2024-06-04 21:40:47,808 run.py:903: model: CustomGAE.
[INFO]2024-06-04 21:40:47,808 run.py:903: model_file: ./model-store/TrainTicket/CustomGAE/train_2024_06_02_17_33/model.pth.
[INFO]2024-06-04 21:40:47,808 run.py:903: mode: rca.
[INFO]2024-06-04 21:40:47,808 run.py:903: epoch: 240.
[INFO]2024-06-04 21:40:47,808 run.py:903: batch_size: 64.
[INFO]2024-06-04 21:40:47,808 run.py:903: lr: 0.001.
[INFO]2024-06-04 21:40:47,808 run.py:903: device: cuda.
[INFO]2024-06-04 21:40:47,808 run.py:903: valid_ratio: 0.2.
[INFO]2024-06-04 21:40:47,808 run.py:903: dataset: TrainTicket.
[INFO]2024-06-04 21:40:47,808 run.py:903: data_dir: ../datasets/Nezha/TrainTicket_2024.
[INFO]2024-06-04 21:40:47,809 run.py:903: failure_types: ['exception', 'code_delay'].
[INFO]2024-06-04 21:40:47,809 run.py:903: failure_duration: 3.
[INFO]2024-06-04 21:40:47,809 run.py:903: train_dates: None.
[INFO]2024-06-04 21:40:47,809 run.py:903: test_dates: ['2024-04-25'].
[INFO]2024-06-04 21:40:47,809 run.py:903: cloudbeds: ['cloudbed-1'].
[INFO]2024-06-04 21:40:47,809 run.py:903: used_etypes: None.
[INFO]2024-06-04 21:40:47,809 run.py:903: nfeat_select: {'api': ['count', 'mean', 'q10', 'q20', 'q30', 'q40', 'q50', 'q60', 'q70', 'q80', 'q90', 'q95', 'q99', 'q100'], 'pod': ['CpuUsage(m)', 'CpuUsageRate(%)', 'MemoryUsage(Mi)', 'MemoryUsageRate(%)', 'SyscallRead', 'SyscallWrite', 'NetworkReceiveBytes', 'NetworkTransmitBytes', 'PodWorkload(Ops)']}.
[INFO]2024-06-04 21:40:47,809 run.py:903: node_scale_type: nodewise.
[INFO]2024-06-04 21:40:47,809 run.py:903: edge_scale_type: edgewise.
[INFO]2024-06-04 21:40:47,809 run.py:903: edge_reverse: True.
[INFO]2024-06-04 21:40:47,809 run.py:903: log_before_scale: True.
[INFO]2024-06-04 21:40:47,809 run.py:903: process_miss: interpolate.
[INFO]2024-06-04 21:40:47,809 run.py:903: process_extreme: False.
[INFO]2024-06-04 21:40:47,809 run.py:903: k_sigma: 3.
[INFO]2024-06-04 21:40:47,809 run.py:903: conv_type: DotGAT.
[INFO]2024-06-04 21:40:47,809 run.py:903: num_heads: 12.
[INFO]2024-06-04 21:40:47,809 run.py:903: feat_drop: 0.0.
[INFO]2024-06-04 21:40:47,809 run.py:903: attn_drop: 0.0.
[INFO]2024-06-04 21:40:47,809 run.py:903: num_enc_layers: 1.
[INFO]2024-06-04 21:40:47,809 run.py:903: num_dec_layers: 1.
[INFO]2024-06-04 21:40:47,809 run.py:903: decoder_type: mlp.
[INFO]2024-06-04 21:40:47,809 run.py:903: num_etypes: 6.
[INFO]2024-06-04 21:40:47,809 run.py:903: edge_feats: 1.
[INFO]2024-06-04 21:40:47,809 run.py:903: etype_feats: 5.
[INFO]2024-06-04 21:40:47,809 run.py:903: residual: False.
[INFO]2024-06-04 21:40:47,809 run.py:903: hidden_dim: 8.
[INFO]2024-06-04 21:40:47,809 run.py:903: proj_feats: 12.
[INFO]2024-06-04 21:40:47,809 run.py:903: mask: False.
[INFO]2024-06-04 21:40:47,809 run.py:903: mask_feat_type: mean.
[INFO]2024-06-04 21:40:47,810 run.py:903: loss_type: mse.
[INFO]2024-06-04 21:40:47,810 run.py:903: use_edge_feats: True.
[INFO]2024-06-04 21:40:47,810 run.py:903: use_etype_feats: False.
[INFO]2024-06-04 21:40:47,810 run.py:903: embedding: True.
[INFO]2024-06-04 21:40:47,810 run.py:903: recon_ntypes: ['api', 'pod'].
[INFO]2024-06-04 21:40:47,810 run.py:903: window: 1440.
[INFO]2024-06-04 21:40:47,810 run.py:903: score_type: pred_and_mean.
[INFO]2024-06-04 21:40:47,810 run.py:903: causal_threshold: 0.6.
[INFO]2024-06-04 21:40:47,810 run.py:903: ad_threshold: 3.0.
[INFO]2024-06-04 21:40:47,810 run.py:903: threshold_1: 0.
[INFO]2024-06-04 21:40:47,810 run.py:903: threshold_2: 8.
[INFO]2024-06-04 21:40:47,810 run.py:903: weight_score: False.
[INFO]2024-06-04 21:40:47,811 run.py:927: RCA Testing...
[INFO]2024-06-04 21:41:06,321 dataset.py:290: Processing missing values using interpolate...
[INFO]2024-06-04 21:41:06,321 dataset.py:300: Padding ndata...
[INFO]2024-06-04 21:41:06,416 dataset.py:315: Padding edata...
[INFO]2024-06-04 21:41:06,440 dataset_trainticket.py:264: Number of graphs: 78
[INFO]2024-06-04 21:41:06,579 run.py:130: Load dataset completed.
[INFO]2024-06-04 21:41:07,816 run.py:166: Load model completed.
[INFO]2024-06-04 21:41:09,128 run.py:776: Model prediction completed.
[INFO]2024-06-04 21:41:09,130 rca.py:476: Anomaly detection for graph nodes...
[INFO]2024-06-04 21:41:09,568 rca.py:135: Calculating causal effect...
[DEBUG]2024-06-04 21:41:09,568 rca.py:148: Copy information.
[DEBUG]2024-06-04 21:41:09,571 rca.py:155: Load mask features.
[INFO]2024-06-04 21:41:41,770 rca.py:476: Anomaly detection for graph nodes...
[DEBUG]2024-06-04 21:41:42,157 rca.py:572: ---------------------timestamp: 2024-04-25 07:04:00---------------------
[DEBUG]2024-06-04 21:41:42,157 rca.py:592: nid       : 257.
 pod_feat  : [0.84106 0.78942 2.12657 2.12801 0.      0.      0.75769 0.87812 0.69372].
 feat      : [0.72014 0.20141 1.04926 1.03162 1.12734 1.2007  1.14216 1.15872 0.981   0.71696 0.42075 0.23305 0.14936 0.1461 ].
 feat_pred : [0.88883 0.44677 0.85942 0.95248 1.01785 1.06844 1.06652 1.05874 0.93856 0.69542 0.47263 0.37354 0.38729 0.3756 ].
 mean      : -1.
 mean dist : 0.3218988774947808.
 std dist  : 0.1740373586671499.
 score     : 1.350237620185208.
 dist      : 0.5568906664848328.

[DEBUG]2024-06-04 21:41:42,158 rca.py:592: nid       : 256.
 pod_feat  : [0.84106 0.78942 2.12657 2.12801 0.      0.      0.75769 0.87812 0.69372].
 feat      : [0.62951 0.2265  1.26676 1.15714 0.98202 0.88719 0.78269 0.76825 0.63532 0.478   0.21383 0.18407 0.17099 0.16519].
 feat_pred : [0.58082 0.24613 0.92687 0.95753 0.92239 0.92037 0.8057  0.64138 0.50193 0.34986 0.25912 0.19382 0.20944 0.20482].
 mean      : -1.
 mean dist : 0.21788494961177346.
 std dist  : 0.22905734207850073.
 score     : 1.0909547698057331.
 dist      : 0.4677761495113373.

[DEBUG]2024-06-04 21:41:42,159 rca.py:592: nid       : 255.
 pod_feat  : [0.84106 0.78942 2.12657 2.12801 0.      0.      0.75769 0.87812 0.69372].
 feat      : [ 0.77432  3.50154 16.31033 15.95576 16.97196 17.90868 19.67228  9.29818  8.70565  6.3729   4.84495  2.89157  1.56778  1.53897].
 feat_pred : [0.58101 0.37612 0.86765 0.93187 0.97473 1.00299 0.97526 0.91915 0.78477 0.56545 0.3856  0.30406 0.31884 0.31117].
 mean      : -1.
 mean dist : 0.41627368009742516.
 std dist  : 0.2903149818164784.
 score     : 134.68473176882623.
 dist      : 39.517269134521484.

[DEBUG]2024-06-04 21:41:42,159 rca.py:572: ---------------------timestamp: 2024-04-25 08:11:00---------------------
[DEBUG]2024-06-04 21:41:42,160 rca.py:592: nid       : 157.
 pod_feat  : [0.63405 0.49064 0.28236 0.28204 0.      0.      0.87039 0.90272 0.22261].
 feat      : [0.24217 0.57158 0.88464 1.09323 1.23964 1.4224  1.47136 1.86865 1.93059 1.75651 0.75388 0.53199 0.43734 0.42099].
 feat_pred : [0.3812  0.30654 0.67403 0.6737  0.65891 0.62267 0.56235 0.49533 0.41212 0.34411 0.29756 0.27728 0.27268 0.26807].
 mean      : -1.
 mean dist : 0.46416713312588403.
 std dist  : 0.31452630054728486.
 score     : 7.860642214716356.
 dist      : 2.9365458488464355.

[DEBUG]2024-06-04 21:41:42,160 rca.py:592: nid       : 156.
 pod_feat  : [0.63405 0.49064 0.28236 0.28204 0.      0.      0.87039 0.90272 0.22261].
 feat      : [0.3133  0.18078 0.15934 0.32696 0.38553 0.29228 0.24084 0.2094  0.17329 0.15291 0.20541 0.23636 0.24875 0.25261].
 feat_pred : [0.54995 0.24479 0.31528 0.30197 0.30277 0.30387 0.31018 0.30499 0.30691 0.30089 0.28467 0.27344 0.26913 0.2762 ].
 mean      : -1.
 mean dist : 0.8345432264236111.
 std dist  : 0.23074838792892186.
 score     : 0.0.
 dist      : 0.39287662506103516.

[DEBUG]2024-06-04 21:41:42,161 rca.py:592: nid       : 152.
 pod_feat  : [0.63405 0.49064 0.28236 0.28204 0.      0.      0.87039 0.90272 0.22261].
 feat      : [0.24217 1.13994 0.96835 1.09765 1.36153 1.45083 1.42957 1.79803 1.75132 1.5104  1.1142  0.86792 0.68717 0.66635].
 feat_pred : [0.18029 0.68165 1.05248 1.10928 1.16916 1.17738 1.18338 1.20048 1.09198 0.84402 0.61416 0.54282 0.54184 0.51937].
 mean      : -1.
 mean dist : 0.4056702339618105.
 std dist  : 0.32199070960461296.
 score     : 3.162596130283862.
 dist      : 1.4239968061447144.

[DEBUG]2024-06-04 21:41:42,162 rca.py:592: nid       : 146.
 pod_feat  : [0.63405 0.49064 0.28236 0.28204 0.      0.      0.87039 0.90272 0.22261].
 feat      : [ 0.2838   4.39043  8.20163  9.49444 11.26611 11.21781 11.04897  8.39789  6.16446  4.65854  3.21191  2.46898  2.07005  2.00988].
 feat_pred : [0.07808 0.72664 1.1213  1.13414 1.17871 1.15358 1.14123 1.10336 0.99012 0.79367 0.62352 0.58252 0.59758 0.58481].
 mean      : -1.
 mean dist : 0.3066879032503536.
 std dist  : 0.32861018788900365.
 score     : 70.04889962580206.
 dist      : 23.325469970703125.

[DEBUG]2024-06-04 21:41:42,163 rca.py:572: ---------------------timestamp: 2024-04-25 12:11:00---------------------
[DEBUG]2024-06-04 21:41:42,164 rca.py:592: nid       : 270.
 pod_feat  : [0.76366 0.71106 0.89204 0.89191 0.      0.      0.71295 0.88431 0.46092].
 feat      : [0.73487 0.91688 0.92969 0.92423 0.9197  0.92026 0.9101  0.90581 0.90749 0.90908 0.903   0.89974 0.89319 0.89171].
 feat_pred : [0.74916 0.67106 0.62441 0.64305 0.63432 0.65987 0.64802 0.62379 0.65221 0.70177 0.74412 0.70598 0.69852 0.70091].
 mean      : -1.
 mean dist : 0.3524971214513948.
 std dist  : 0.22232307600650358.
 score     : 2.375725816366657.
 dist      : 0.8806757926940918.

[DEBUG]2024-06-04 21:41:42,164 rca.py:592: nid       : 264.
 pod_feat  : [0.76366 0.71106 0.89204 0.89191 0.      0.      0.71295 0.88431 0.46092].
 feat      : [0.73487 0.89669 0.9141  0.9076  0.90228 0.89702 0.89093 0.88581 0.88625 0.88936 0.883   0.87916 0.87087 0.86971].
 feat_pred : [0.6834  0.86916 0.87138 0.90006 0.90549 0.91501 0.90354 0.90488 0.9024  0.87761 0.8766  0.86328 0.884   0.87267].
 mean      : -1.
 mean dist : 0.1067750076728656.
 std dist  : 0.07459045779936775.
 score     : 0.0.
 dist      : 0.08377789705991745.

[DEBUG]2024-06-04 21:41:42,165 rca.py:592: nid       : 258.
 pod_feat  : [0.76366 0.71106 0.89204 0.89191 0.      0.      0.71295 0.88431 0.46092].
 feat      : [0.62725 0.19065 0.32731 0.3271  0.31559 0.31798 0.34431 0.17186 0.13371 0.1588  0.24054 0.28335 0.31231 0.31454].
 feat_pred : [0.56919 0.32111 0.33701 0.32929 0.33965 0.34204 0.35537 0.36235 0.36465 0.36972 0.35699 0.35492 0.3514  0.35852].
 mean      : -1.
 mean dist : 0.6773688833333333.
 std dist  : 0.32715032541821204.
 score     : 0.0.
 dist      : 0.42192351818084717.

[DEBUG]2024-06-04 21:41:42,166 rca.py:572: ---------------------timestamp: 2024-04-25 16:28:00---------------------
[DEBUG]2024-06-04 21:41:42,167 rca.py:592: nid       : 15.
 pod_feat  : [1.03471 1.05507 0.36047 0.36044 0.      0.      0.86517 0.92759 0.27295].
 feat      : [0.94409 0.86288 0.67328 0.65709 0.63751 0.63204 0.81355 0.77159 0.76866 0.77492 0.95127 1.02202 1.05594 1.06269].
 feat_pred : [0.83227 0.74023 0.65476 0.64704 0.65425 0.65915 0.65059 0.57641 0.61403 0.7366  0.8366  0.83155 0.84925 0.88475].
 mean      : -1.
 mean dist : 0.40296241648266096.
 std dist  : 0.6367950407493739.
 score     : 0.14106749926170614.
 dist      : 0.4927935004234314.

[DEBUG]2024-06-04 21:41:42,167 rca.py:592: nid       : 11.
 pod_feat  : [1.03471 1.05507 0.36047 0.36044 0.      0.      0.86517 0.92759 0.27295].
 feat      : [0.94409 0.85262 0.64243 0.59617 0.63696 0.69184 0.7958  0.75725 0.75858 0.80593 0.92949 1.02334 1.06909 1.07975].
 feat_pred : [0.58336 0.38783 1.25914 1.19359 0.78692 0.44271 0.24423 0.65319 0.29065 0.05126 0.05356 0.18914 0.30017 0.13944].
 mean      : -1.
 mean dist : 0.20795833146496814.
 std dist  : 0.2886635245172166.
 score     : 7.186914637610915.
 dist      : 2.2825584411621094.

[DEBUG]2024-06-04 21:41:42,168 rca.py:572: ---------------------timestamp: 2024-04-25 16:51:00---------------------
[DEBUG]2024-06-04 21:41:42,169 rca.py:592: nid       : 194.
 pod_feat  : [0.62637 0.53608 0.18898 0.18883 0.      0.      0.43389 0.38463 0.33953].
 feat      : [0.14973 0.90248 0.82033 1.17515 1.25949 1.485   1.469   1.49925 1.3833  1.05647 0.86926 0.75575 0.67588 0.67041].
 feat_pred : [0.50956 0.30791 0.26426 0.21638 0.17456 0.15743 0.14045 0.13016 0.14328 0.1935  0.3116  0.38376 0.42789 0.42898].
 mean      : -1.
 mean dist : 0.5212273235716407.
 std dist  : 0.31128513468644464.
 score     : 9.048722111552655.
 dist      : 3.3379600048065186.

[DEBUG]2024-06-04 21:41:42,169 rca.py:592: nid       : 20.
 pod_feat  : [0.86606 0.79498 0.43279 0.43247 0.      0.      0.89548 0.96432 0.55471].
 feat      : [0.14973 0.78469 0.80351 1.24131 1.48546 1.47226 1.57593 1.22235 1.03361 0.88681 0.74915 0.67736 0.64766 0.64186].
 feat_pred : [0.08549 0.70204 0.97574 1.00307 1.04546 1.04026 1.03839 1.03042 0.94348 0.7798  0.62228 0.57131 0.55884 0.54204].
 mean      : -1.
 mean dist : 0.22716488585152192.
 std dist  : 0.24205406981153108.
 score     : 2.910868460136551.
 dist      : 0.9317524433135986.

[DEBUG]2024-06-04 21:41:42,169 rca.py:572: ---------------------timestamp: 2024-04-25 17:05:00---------------------
[DEBUG]2024-06-04 21:41:42,170 rca.py:592: nid       : 288.
 pod_feat  : [0.43476 0.35461 0.50531 0.50522 0.      0.      0.45454 0.86352 0.     ].
 feat      : [0.      0.53939 0.94779 0.81043 0.70526 0.63065 0.59452 0.53939 0.53939 0.52445 0.41598 0.37967 0.39036 0.38315].
 feat_pred : [0.06706 0.37833 0.55478 0.55341 0.5163  0.52112 0.4874  0.46973 0.44024 0.39034 0.35501 0.31257 0.28106 0.2653 ].
 mean      : -1.
 mean dist : 0.313290011559067.
 std dist  : 0.21068682406000305.
 score     : 1.4267236491292252.
 dist      : 0.6138818860054016.

[DEBUG]2024-06-04 21:41:42,171 rca.py:592: nid       : 291.
 pod_feat  : [0.43476 0.35461 0.50531 0.50522 0.      0.      0.45454 0.86352 0.     ].
 feat      : [0.      0.55132 0.96893 0.8424  0.73812 0.65907 0.60629 0.5582  0.5582  0.54683 0.43133 0.38278 0.40447 0.39689].
 feat_pred : [0.03377 0.53034 0.76516 0.74002 0.67741 0.66722 0.60637 0.53456 0.50982 0.48355 0.48418 0.43582 0.40525 0.38986].
 mean      : -1.
 mean dist : 0.14399884925808878.
 std dist  : 0.09096209386904214.
 score     : 1.3234722593322974.
 dist      : 0.2643846571445465.

[DEBUG]2024-06-04 21:41:42,171 rca.py:572: ---------------------timestamp: 2024-04-25 17:06:00---------------------
[DEBUG]2024-06-04 21:41:42,171 rca.py:592: nid       : 237.
 pod_feat  : [ 0.70274  0.61949 -1.12769 -1.12723  0.       0.       0.90021  0.81773  0.35589].
 feat      : [0.17148 0.61035 2.93224 2.76814 2.49942 2.16165 1.9036  1.57803 1.14497 0.67857 0.51923 0.47254 0.3496  0.3293 ].
 feat_pred : [0.55783 0.29626 0.60863 0.61931 0.56195 0.5644  0.48979 0.41594 0.37289 0.33589 0.32419 0.27463 0.26718 0.25898].
 mean      : -1.
 mean dist : 0.5043696289680771.
 std dist  : 0.3950262669724843.
 score     : 10.24665805740208.
 dist      : 4.552068710327148.

[DEBUG]2024-06-04 21:41:42,172 rca.py:592: nid       : 242.
 pod_feat  : [ 0.70274  0.61949 -1.12769 -1.12723  0.       0.       0.90021  0.81773  0.35589].
 feat      : [0.27074 1.44019 2.93236 2.69077 2.35309 2.07491 1.87244 1.70341 1.87726 1.57886 1.52    1.24731 1.02266 0.96105].
 feat_pred : [0.09675 0.31618 1.62381 1.65145 1.45126 1.46573 1.14963 0.77006 0.59954 0.36963 0.3227  0.16712 0.15636 0.13201].
 mean      : -1.
 mean dist : 0.29130839724870083.
 std dist  : 0.25129259435885515.
 score     : 13.622101157983167.
 dist      : 3.7144415378570557.

[DEBUG]2024-06-04 21:41:42,172 rca.py:572: ---------------------timestamp: 2024-04-25 17:21:00---------------------
[DEBUG]2024-06-04 21:41:42,173 rca.py:592: nid       : 15.
 pod_feat  : [0.24283 0.12051 0.65167 0.65164 0.      0.      0.7753  0.65205 0.7711 ].
 feat      : [0.64444 0.84279 0.63376 0.5622  0.59032 0.68011 0.83449 0.77908 0.75682 0.84793 0.97551 0.98797 0.99422 0.99548].
 feat_pred : [0.67576 0.7287  0.85599 0.86756 0.81188 0.8118  0.74268 0.66327 0.67197 0.71032 0.78483 0.74199 0.72789 0.72233].
 mean      : -1.
 mean dist : 0.40296241648266096.
 std dist  : 0.6367950407493739.
 score     : 0.492450942336657.
 dist      : 0.716552734375.

[DEBUG]2024-06-04 21:41:42,173 rca.py:592: nid       : 11.
 pod_feat  : [0.24283 0.12051 0.65167 0.65164 0.      0.      0.7753  0.65205 0.7711 ].
 feat      : [0.64444 0.83258 0.60027 0.48602 0.59038 0.73233 0.8185  0.76579 0.7461  0.86705 0.96175 0.97463 0.98138 0.98424].
 feat_pred : [0.57827 0.3228  1.11477 1.05459 0.80896 0.52544 0.35798 0.64483 0.34494 0.09667 0.08474 0.20008 0.27357 0.16761].
 mean      : -1.
 mean dist : 0.20795833146496814.
 std dist  : 0.2886635245172166.
 score     : 6.5963307972077985.
 dist      : 2.1120784282684326.

[INFO]2024-06-04 21:41:42,181 utils.py:90: Save to: ./model-store/TrainTicket/CustomGAE/rca_2024_06_04_21_40/propagation_ad_rsts.json。
[INFO]2024-06-04 21:41:42,181 run.py:370: -----------------RCA parameters: individual_coef: 0.0.-----------------
[INFO]2024-06-04 21:41:42,620 utils.py:90: Save to: ./model-store/TrainTicket/CustomGAE/rca_2024_06_04_21_40/rca_result_0.0.json。
[INFO]2024-06-04 21:41:42,620 rca.py:376: -----------------RCA metrics-----------------
[INFO]2024-06-04 21:41:42,620 rca.py:377: n: 30. skipped: 0.
[INFO]2024-06-04 21:41:42,621 rca.py:378: avg_rank: 2.966666666666667. 
[INFO]2024-06-04 21:41:42,621 rca.py:380: top 1 acc: 0.6. 
[INFO]2024-06-04 21:41:42,621 rca.py:380: top 2 acc: 0.7. 
[INFO]2024-06-04 21:41:42,621 rca.py:380: top 3 acc: 0.7666666666666667. 
[INFO]2024-06-04 21:41:42,621 rca.py:380: top 4 acc: 0.8. 
[INFO]2024-06-04 21:41:42,621 rca.py:380: top 5 acc: 0.8. 
[INFO]2024-06-04 21:41:42,621 rca.py:380: top 6 acc: 0.8. 
[INFO]2024-06-04 21:41:42,621 rca.py:380: top 7 acc: 0.8333333333333334. 
[INFO]2024-06-04 21:41:42,621 rca.py:380: top 8 acc: 0.8666666666666667. 
[INFO]2024-06-04 21:41:42,621 rca.py:380: top 9 acc: 0.8666666666666667. 
[INFO]2024-06-04 21:41:42,621 rca.py:380: top 10 acc: 0.8666666666666667. 
[INFO]2024-06-04 21:41:42,621 utils.py:90: Save to: ./model-store/TrainTicket/CustomGAE/rca_2024_06_04_21_40/rca_metrics_0.0_exception.json。
[INFO]2024-06-04 21:41:42,622 rca.py:376: -----------------RCA metrics-----------------
[INFO]2024-06-04 21:41:42,622 rca.py:377: n: 48. skipped: 0.
[INFO]2024-06-04 21:41:42,622 rca.py:378: avg_rank: 2.5625. 
[INFO]2024-06-04 21:41:42,622 rca.py:380: top 1 acc: 0.6458333333333334. 
[INFO]2024-06-04 21:41:42,622 rca.py:380: top 2 acc: 0.75. 
[INFO]2024-06-04 21:41:42,622 rca.py:380: top 3 acc: 0.8125. 
[INFO]2024-06-04 21:41:42,622 rca.py:380: top 4 acc: 0.8333333333333334. 
[INFO]2024-06-04 21:41:42,622 rca.py:380: top 5 acc: 0.8333333333333334. 
[INFO]2024-06-04 21:41:42,622 rca.py:380: top 6 acc: 0.875. 
[INFO]2024-06-04 21:41:42,622 rca.py:380: top 7 acc: 0.8958333333333334. 
[INFO]2024-06-04 21:41:42,627 rca.py:380: top 8 acc: 0.8958333333333334. 
[INFO]2024-06-04 21:41:42,627 rca.py:380: top 9 acc: 0.8958333333333334. 
[INFO]2024-06-04 21:41:42,627 rca.py:380: top 10 acc: 0.8958333333333334. 
[INFO]2024-06-04 21:41:42,627 utils.py:90: Save to: ./model-store/TrainTicket/CustomGAE/rca_2024_06_04_21_40/rca_metrics_0.0_code_delay.json。
[INFO]2024-06-04 21:41:42,627 rca.py:376: -----------------RCA metrics-----------------
[INFO]2024-06-04 21:41:42,627 rca.py:377: n: 78. skipped: 0.
[INFO]2024-06-04 21:41:42,628 rca.py:378: avg_rank: 2.717948717948718. 
[INFO]2024-06-04 21:41:42,628 rca.py:380: top 1 acc: 0.6282051282051282. 
[INFO]2024-06-04 21:41:42,628 rca.py:380: top 2 acc: 0.7307692307692307. 
[INFO]2024-06-04 21:41:42,628 rca.py:380: top 3 acc: 0.7948717948717948. 
[INFO]2024-06-04 21:41:42,628 rca.py:380: top 4 acc: 0.8205128205128205. 
[INFO]2024-06-04 21:41:42,628 rca.py:380: top 5 acc: 0.8205128205128205. 
[INFO]2024-06-04 21:41:42,628 rca.py:380: top 6 acc: 0.8461538461538461. 
[INFO]2024-06-04 21:41:42,628 rca.py:380: top 7 acc: 0.8717948717948718. 
[INFO]2024-06-04 21:41:42,628 rca.py:380: top 8 acc: 0.8846153846153846. 
[INFO]2024-06-04 21:41:42,628 rca.py:380: top 9 acc: 0.8846153846153846. 
[INFO]2024-06-04 21:41:42,628 rca.py:380: top 10 acc: 0.8846153846153846. 
[INFO]2024-06-04 21:41:42,628 utils.py:90: Save to: ./model-store/TrainTicket/CustomGAE/rca_2024_06_04_21_40/rca_metrics_0.0_all.json。
[INFO]2024-06-04 21:41:42,628 run.py:370: -----------------RCA parameters: individual_coef: 0.1.-----------------
[INFO]2024-06-04 21:41:43,046 utils.py:90: Save to: ./model-store/TrainTicket/CustomGAE/rca_2024_06_04_21_40/rca_result_0.1.json。
[INFO]2024-06-04 21:41:43,046 rca.py:376: -----------------RCA metrics-----------------
[INFO]2024-06-04 21:41:43,046 rca.py:377: n: 30. skipped: 0.
[INFO]2024-06-04 21:41:43,046 rca.py:378: avg_rank: 2.6333333333333333. 
[INFO]2024-06-04 21:41:43,046 rca.py:380: top 1 acc: 0.6333333333333333. 
[INFO]2024-06-04 21:41:43,046 rca.py:380: top 2 acc: 0.7333333333333333. 
[INFO]2024-06-04 21:41:43,046 rca.py:380: top 3 acc: 0.7666666666666667. 
[INFO]2024-06-04 21:41:43,046 rca.py:380: top 4 acc: 0.8. 
[INFO]2024-06-04 21:41:43,046 rca.py:380: top 5 acc: 0.8. 
[INFO]2024-06-04 21:41:43,046 rca.py:380: top 6 acc: 0.8333333333333334. 
[INFO]2024-06-04 21:41:43,046 rca.py:380: top 7 acc: 0.9333333333333333. 
[INFO]2024-06-04 21:41:43,046 rca.py:380: top 8 acc: 0.9333333333333333. 
[INFO]2024-06-04 21:41:43,046 rca.py:380: top 9 acc: 0.9333333333333333. 
[INFO]2024-06-04 21:41:43,046 rca.py:380: top 10 acc: 0.9666666666666667. 
[INFO]2024-06-04 21:41:43,047 utils.py:90: Save to: ./model-store/TrainTicket/CustomGAE/rca_2024_06_04_21_40/rca_metrics_0.1_exception.json。
[INFO]2024-06-04 21:41:43,047 rca.py:376: -----------------RCA metrics-----------------
[INFO]2024-06-04 21:41:43,047 rca.py:377: n: 48. skipped: 0.
[INFO]2024-06-04 21:41:43,047 rca.py:378: avg_rank: 2.4791666666666665. 
[INFO]2024-06-04 21:41:43,047 rca.py:380: top 1 acc: 0.5625. 
[INFO]2024-06-04 21:41:43,047 rca.py:380: top 2 acc: 0.7708333333333334. 
[INFO]2024-06-04 21:41:43,047 rca.py:380: top 3 acc: 0.8125. 
[INFO]2024-06-04 21:41:43,047 rca.py:380: top 4 acc: 0.8541666666666666. 
[INFO]2024-06-04 21:41:43,047 rca.py:380: top 5 acc: 0.8541666666666666. 
[INFO]2024-06-04 21:41:43,047 rca.py:380: top 6 acc: 0.9166666666666666. 
[INFO]2024-06-04 21:41:43,047 rca.py:380: top 7 acc: 0.9166666666666666. 
[INFO]2024-06-04 21:41:43,047 rca.py:380: top 8 acc: 0.9166666666666666. 
[INFO]2024-06-04 21:41:43,047 rca.py:380: top 9 acc: 0.9166666666666666. 
[INFO]2024-06-04 21:41:43,047 rca.py:380: top 10 acc: 0.9166666666666666. 
[INFO]2024-06-04 21:41:43,047 utils.py:90: Save to: ./model-store/TrainTicket/CustomGAE/rca_2024_06_04_21_40/rca_metrics_0.1_code_delay.json。
[INFO]2024-06-04 21:41:43,048 rca.py:376: -----------------RCA metrics-----------------
[INFO]2024-06-04 21:41:43,048 rca.py:377: n: 78. skipped: 0.
[INFO]2024-06-04 21:41:43,048 rca.py:378: avg_rank: 2.5384615384615383. 
[INFO]2024-06-04 21:41:43,048 rca.py:380: top 1 acc: 0.5897435897435898. 
[INFO]2024-06-04 21:41:43,048 rca.py:380: top 2 acc: 0.7564102564102564. 
[INFO]2024-06-04 21:41:43,048 rca.py:380: top 3 acc: 0.7948717948717948. 
[INFO]2024-06-04 21:41:43,048 rca.py:380: top 4 acc: 0.8333333333333334. 
[INFO]2024-06-04 21:41:43,048 rca.py:380: top 5 acc: 0.8333333333333334. 
[INFO]2024-06-04 21:41:43,048 rca.py:380: top 6 acc: 0.8846153846153846. 
[INFO]2024-06-04 21:41:43,048 rca.py:380: top 7 acc: 0.9230769230769231. 
[INFO]2024-06-04 21:41:43,048 rca.py:380: top 8 acc: 0.9230769230769231. 
[INFO]2024-06-04 21:41:43,048 rca.py:380: top 9 acc: 0.9230769230769231. 
[INFO]2024-06-04 21:41:43,048 rca.py:380: top 10 acc: 0.9358974358974359. 
[INFO]2024-06-04 21:41:43,048 utils.py:90: Save to: ./model-store/TrainTicket/CustomGAE/rca_2024_06_04_21_40/rca_metrics_0.1_all.json。
[INFO]2024-06-04 21:41:43,048 run.py:370: -----------------RCA parameters: individual_coef: 0.2.-----------------
[INFO]2024-06-04 21:41:43,467 utils.py:90: Save to: ./model-store/TrainTicket/CustomGAE/rca_2024_06_04_21_40/rca_result_0.2.json。
[INFO]2024-06-04 21:41:43,467 rca.py:376: -----------------RCA metrics-----------------
[INFO]2024-06-04 21:41:43,467 rca.py:377: n: 30. skipped: 0.
[INFO]2024-06-04 21:41:43,467 rca.py:378: avg_rank: 2.566666666666667. 
[INFO]2024-06-04 21:41:43,467 rca.py:380: top 1 acc: 0.6333333333333333. 
[INFO]2024-06-04 21:41:43,467 rca.py:380: top 2 acc: 0.7333333333333333. 
[INFO]2024-06-04 21:41:43,467 rca.py:380: top 3 acc: 0.7333333333333333. 
[INFO]2024-06-04 21:41:43,467 rca.py:380: top 4 acc: 0.8. 
[INFO]2024-06-04 21:41:43,467 rca.py:380: top 5 acc: 0.8333333333333334. 
[INFO]2024-06-04 21:41:43,467 rca.py:380: top 6 acc: 0.9. 
[INFO]2024-06-04 21:41:43,467 rca.py:380: top 7 acc: 0.9333333333333333. 
[INFO]2024-06-04 21:41:43,467 rca.py:380: top 8 acc: 0.9333333333333333. 
[INFO]2024-06-04 21:41:43,467 rca.py:380: top 9 acc: 0.9333333333333333. 
[INFO]2024-06-04 21:41:43,467 rca.py:380: top 10 acc: 0.9666666666666667. 
[INFO]2024-06-04 21:41:43,467 utils.py:90: Save to: ./model-store/TrainTicket/CustomGAE/rca_2024_06_04_21_40/rca_metrics_0.2_exception.json。
[INFO]2024-06-04 21:41:43,468 rca.py:376: -----------------RCA metrics-----------------
[INFO]2024-06-04 21:41:43,468 rca.py:377: n: 48. skipped: 0.
[INFO]2024-06-04 21:41:43,468 rca.py:378: avg_rank: 2.4791666666666665. 
[INFO]2024-06-04 21:41:43,468 rca.py:380: top 1 acc: 0.5833333333333334. 
[INFO]2024-06-04 21:41:43,468 rca.py:380: top 2 acc: 0.75. 
[INFO]2024-06-04 21:41:43,468 rca.py:380: top 3 acc: 0.8125. 
[INFO]2024-06-04 21:41:43,468 rca.py:380: top 4 acc: 0.8541666666666666. 
[INFO]2024-06-04 21:41:43,468 rca.py:380: top 5 acc: 0.8541666666666666. 
[INFO]2024-06-04 21:41:43,468 rca.py:380: top 6 acc: 0.9166666666666666. 
[INFO]2024-06-04 21:41:43,468 rca.py:380: top 7 acc: 0.9166666666666666. 
[INFO]2024-06-04 21:41:43,468 rca.py:380: top 8 acc: 0.9166666666666666. 
[INFO]2024-06-04 21:41:43,468 rca.py:380: top 9 acc: 0.9166666666666666. 
[INFO]2024-06-04 21:41:43,468 rca.py:380: top 10 acc: 0.9166666666666666. 
[INFO]2024-06-04 21:41:43,468 utils.py:90: Save to: ./model-store/TrainTicket/CustomGAE/rca_2024_06_04_21_40/rca_metrics_0.2_code_delay.json。
[INFO]2024-06-04 21:41:43,468 rca.py:376: -----------------RCA metrics-----------------
[INFO]2024-06-04 21:41:43,469 rca.py:377: n: 78. skipped: 0.
[INFO]2024-06-04 21:41:43,469 rca.py:378: avg_rank: 2.5128205128205128. 
[INFO]2024-06-04 21:41:43,469 rca.py:380: top 1 acc: 0.6025641025641025. 
[INFO]2024-06-04 21:41:43,469 rca.py:380: top 2 acc: 0.7435897435897436. 
[INFO]2024-06-04 21:41:43,469 rca.py:380: top 3 acc: 0.782051282051282. 
[INFO]2024-06-04 21:41:43,469 rca.py:380: top 4 acc: 0.8333333333333334. 
[INFO]2024-06-04 21:41:43,469 rca.py:380: top 5 acc: 0.8461538461538461. 
[INFO]2024-06-04 21:41:43,469 rca.py:380: top 6 acc: 0.9102564102564102. 
[INFO]2024-06-04 21:41:43,469 rca.py:380: top 7 acc: 0.9230769230769231. 
[INFO]2024-06-04 21:41:43,469 rca.py:380: top 8 acc: 0.9230769230769231. 
[INFO]2024-06-04 21:41:43,469 rca.py:380: top 9 acc: 0.9230769230769231. 
[INFO]2024-06-04 21:41:43,469 rca.py:380: top 10 acc: 0.9358974358974359. 
[INFO]2024-06-04 21:41:43,469 utils.py:90: Save to: ./model-store/TrainTicket/CustomGAE/rca_2024_06_04_21_40/rca_metrics_0.2_all.json。
[INFO]2024-06-04 21:41:43,469 run.py:370: -----------------RCA parameters: individual_coef: 0.3.-----------------
[INFO]2024-06-04 21:41:43,891 utils.py:90: Save to: ./model-store/TrainTicket/CustomGAE/rca_2024_06_04_21_40/rca_result_0.3.json。
[INFO]2024-06-04 21:41:43,891 rca.py:376: -----------------RCA metrics-----------------
[INFO]2024-06-04 21:41:43,891 rca.py:377: n: 30. skipped: 0.
[INFO]2024-06-04 21:41:43,891 rca.py:378: avg_rank: 2.466666666666667. 
[INFO]2024-06-04 21:41:43,891 rca.py:380: top 1 acc: 0.6666666666666666. 
[INFO]2024-06-04 21:41:43,892 rca.py:380: top 2 acc: 0.7333333333333333. 
[INFO]2024-06-04 21:41:43,892 rca.py:380: top 3 acc: 0.7666666666666667. 
[INFO]2024-06-04 21:41:43,892 rca.py:380: top 4 acc: 0.8333333333333334. 
[INFO]2024-06-04 21:41:43,892 rca.py:380: top 5 acc: 0.8333333333333334. 
[INFO]2024-06-04 21:41:43,892 rca.py:380: top 6 acc: 0.9. 
[INFO]2024-06-04 21:41:43,892 rca.py:380: top 7 acc: 0.9333333333333333. 
[INFO]2024-06-04 21:41:43,892 rca.py:380: top 8 acc: 0.9333333333333333. 
[INFO]2024-06-04 21:41:43,892 rca.py:380: top 9 acc: 0.9333333333333333. 
[INFO]2024-06-04 21:41:43,892 rca.py:380: top 10 acc: 0.9666666666666667. 
[INFO]2024-06-04 21:41:43,892 utils.py:90: Save to: ./model-store/TrainTicket/CustomGAE/rca_2024_06_04_21_40/rca_metrics_0.3_exception.json。
[INFO]2024-06-04 21:41:43,892 rca.py:376: -----------------RCA metrics-----------------
[INFO]2024-06-04 21:41:43,892 rca.py:377: n: 48. skipped: 0.
[INFO]2024-06-04 21:41:43,892 rca.py:378: avg_rank: 2.375. 
[INFO]2024-06-04 21:41:43,892 rca.py:380: top 1 acc: 0.5833333333333334. 
[INFO]2024-06-04 21:41:43,892 rca.py:380: top 2 acc: 0.7916666666666666. 
[INFO]2024-06-04 21:41:43,892 rca.py:380: top 3 acc: 0.8333333333333334. 
[INFO]2024-06-04 21:41:43,892 rca.py:380: top 4 acc: 0.875. 
[INFO]2024-06-04 21:41:43,892 rca.py:380: top 5 acc: 0.875. 
[INFO]2024-06-04 21:41:43,892 rca.py:380: top 6 acc: 0.9166666666666666. 
[INFO]2024-06-04 21:41:43,892 rca.py:380: top 7 acc: 0.9166666666666666. 
[INFO]2024-06-04 21:41:43,893 rca.py:380: top 8 acc: 0.9166666666666666. 
[INFO]2024-06-04 21:41:43,893 rca.py:380: top 9 acc: 0.9166666666666666. 
[INFO]2024-06-04 21:41:43,893 rca.py:380: top 10 acc: 0.9166666666666666. 
[INFO]2024-06-04 21:41:43,893 utils.py:90: Save to: ./model-store/TrainTicket/CustomGAE/rca_2024_06_04_21_40/rca_metrics_0.3_code_delay.json。
[INFO]2024-06-04 21:41:43,893 rca.py:376: -----------------RCA metrics-----------------
[INFO]2024-06-04 21:41:43,893 rca.py:377: n: 78. skipped: 0.
[INFO]2024-06-04 21:41:43,893 rca.py:378: avg_rank: 2.41025641025641. 
[INFO]2024-06-04 21:41:43,893 rca.py:380: top 1 acc: 0.6153846153846154. 
[INFO]2024-06-04 21:41:43,893 rca.py:380: top 2 acc: 0.7692307692307693. 
[INFO]2024-06-04 21:41:43,893 rca.py:380: top 3 acc: 0.8076923076923077. 
[INFO]2024-06-04 21:41:43,893 rca.py:380: top 4 acc: 0.8589743589743589. 
[INFO]2024-06-04 21:41:43,893 rca.py:380: top 5 acc: 0.8589743589743589. 
[INFO]2024-06-04 21:41:43,893 rca.py:380: top 6 acc: 0.9102564102564102. 
[INFO]2024-06-04 21:41:43,893 rca.py:380: top 7 acc: 0.9230769230769231. 
[INFO]2024-06-04 21:41:43,893 rca.py:380: top 8 acc: 0.9230769230769231. 
[INFO]2024-06-04 21:41:43,893 rca.py:380: top 9 acc: 0.9230769230769231. 
[INFO]2024-06-04 21:41:43,893 rca.py:380: top 10 acc: 0.9358974358974359. 
[INFO]2024-06-04 21:41:43,894 utils.py:90: Save to: ./model-store/TrainTicket/CustomGAE/rca_2024_06_04_21_40/rca_metrics_0.3_all.json。
[INFO]2024-06-04 21:41:43,894 run.py:370: -----------------RCA parameters: individual_coef: 0.4.-----------------
[INFO]2024-06-04 21:41:44,329 utils.py:90: Save to: ./model-store/TrainTicket/CustomGAE/rca_2024_06_04_21_40/rca_result_0.4.json。
[INFO]2024-06-04 21:41:44,330 rca.py:376: -----------------RCA metrics-----------------
[INFO]2024-06-04 21:41:44,330 rca.py:377: n: 30. skipped: 0.
[INFO]2024-06-04 21:41:44,330 rca.py:378: avg_rank: 2.3666666666666667. 
[INFO]2024-06-04 21:41:44,330 rca.py:380: top 1 acc: 0.6666666666666666. 
[INFO]2024-06-04 21:41:44,330 rca.py:380: top 2 acc: 0.7333333333333333. 
[INFO]2024-06-04 21:41:44,330 rca.py:380: top 3 acc: 0.8. 
[INFO]2024-06-04 21:41:44,330 rca.py:380: top 4 acc: 0.8333333333333334. 
[INFO]2024-06-04 21:41:44,330 rca.py:380: top 5 acc: 0.8333333333333334. 
[INFO]2024-06-04 21:41:44,330 rca.py:380: top 6 acc: 0.9. 
[INFO]2024-06-04 21:41:44,330 rca.py:380: top 7 acc: 0.9333333333333333. 
[INFO]2024-06-04 21:41:44,330 rca.py:380: top 8 acc: 0.9666666666666667. 
[INFO]2024-06-04 21:41:44,330 rca.py:380: top 9 acc: 0.9666666666666667. 
[INFO]2024-06-04 21:41:44,330 rca.py:380: top 10 acc: 0.9666666666666667. 
[INFO]2024-06-04 21:41:44,330 utils.py:90: Save to: ./model-store/TrainTicket/CustomGAE/rca_2024_06_04_21_40/rca_metrics_0.4_exception.json。
[INFO]2024-06-04 21:41:44,330 rca.py:376: -----------------RCA metrics-----------------
[INFO]2024-06-04 21:41:44,330 rca.py:377: n: 48. skipped: 0.
[INFO]2024-06-04 21:41:44,330 rca.py:378: avg_rank: 2.3333333333333335. 
[INFO]2024-06-04 21:41:44,331 rca.py:380: top 1 acc: 0.5833333333333334. 
[INFO]2024-06-04 21:41:44,331 rca.py:380: top 2 acc: 0.8125. 
[INFO]2024-06-04 21:41:44,331 rca.py:380: top 3 acc: 0.8333333333333334. 
[INFO]2024-06-04 21:41:44,331 rca.py:380: top 4 acc: 0.875. 
[INFO]2024-06-04 21:41:44,331 rca.py:380: top 5 acc: 0.8958333333333334. 
[INFO]2024-06-04 21:41:44,331 rca.py:380: top 6 acc: 0.9166666666666666. 
[INFO]2024-06-04 21:41:44,331 rca.py:380: top 7 acc: 0.9166666666666666. 
[INFO]2024-06-04 21:41:44,331 rca.py:380: top 8 acc: 0.9166666666666666. 
[INFO]2024-06-04 21:41:44,331 rca.py:380: top 9 acc: 0.9166666666666666. 
[INFO]2024-06-04 21:41:44,331 rca.py:380: top 10 acc: 0.9166666666666666. 
[INFO]2024-06-04 21:41:44,331 utils.py:90: Save to: ./model-store/TrainTicket/CustomGAE/rca_2024_06_04_21_40/rca_metrics_0.4_code_delay.json。
[INFO]2024-06-04 21:41:44,331 rca.py:376: -----------------RCA metrics-----------------
[INFO]2024-06-04 21:41:44,331 rca.py:377: n: 78. skipped: 0.
[INFO]2024-06-04 21:41:44,331 rca.py:378: avg_rank: 2.3461538461538463. 
[INFO]2024-06-04 21:41:44,331 rca.py:380: top 1 acc: 0.6153846153846154. 
[INFO]2024-06-04 21:41:44,331 rca.py:380: top 2 acc: 0.782051282051282. 
[INFO]2024-06-04 21:41:44,331 rca.py:380: top 3 acc: 0.8205128205128205. 
[INFO]2024-06-04 21:41:44,331 rca.py:380: top 4 acc: 0.8589743589743589. 
[INFO]2024-06-04 21:41:44,331 rca.py:380: top 5 acc: 0.8717948717948718. 
[INFO]2024-06-04 21:41:44,332 rca.py:380: top 6 acc: 0.9102564102564102. 
[INFO]2024-06-04 21:41:44,332 rca.py:380: top 7 acc: 0.9230769230769231. 
[INFO]2024-06-04 21:41:44,332 rca.py:380: top 8 acc: 0.9358974358974359. 
[INFO]2024-06-04 21:41:44,332 rca.py:380: top 9 acc: 0.9358974358974359. 
[INFO]2024-06-04 21:41:44,332 rca.py:380: top 10 acc: 0.9358974358974359. 
[INFO]2024-06-04 21:41:44,332 utils.py:90: Save to: ./model-store/TrainTicket/CustomGAE/rca_2024_06_04_21_40/rca_metrics_0.4_all.json。
[INFO]2024-06-04 21:41:44,332 run.py:370: -----------------RCA parameters: individual_coef: 0.5.-----------------
[INFO]2024-06-04 21:41:44,755 utils.py:90: Save to: ./model-store/TrainTicket/CustomGAE/rca_2024_06_04_21_40/rca_result_0.5.json。
[INFO]2024-06-04 21:41:44,755 rca.py:376: -----------------RCA metrics-----------------
[INFO]2024-06-04 21:41:44,755 rca.py:377: n: 30. skipped: 0.
[INFO]2024-06-04 21:41:44,755 rca.py:378: avg_rank: 2.1666666666666665. 
[INFO]2024-06-04 21:41:44,755 rca.py:380: top 1 acc: 0.6666666666666666. 
[INFO]2024-06-04 21:41:44,755 rca.py:380: top 2 acc: 0.7333333333333333. 
[INFO]2024-06-04 21:41:44,755 rca.py:380: top 3 acc: 0.8. 
[INFO]2024-06-04 21:41:44,755 rca.py:380: top 4 acc: 0.8666666666666667. 
[INFO]2024-06-04 21:41:44,755 rca.py:380: top 5 acc: 0.9. 
[INFO]2024-06-04 21:41:44,755 rca.py:380: top 6 acc: 0.9666666666666667. 
[INFO]2024-06-04 21:41:44,755 rca.py:380: top 7 acc: 0.9666666666666667. 
[INFO]2024-06-04 21:41:44,755 rca.py:380: top 8 acc: 0.9666666666666667. 
[INFO]2024-06-04 21:41:44,755 rca.py:380: top 9 acc: 0.9666666666666667. 
[INFO]2024-06-04 21:41:44,755 rca.py:380: top 10 acc: 0.9666666666666667. 
[INFO]2024-06-04 21:41:44,755 utils.py:90: Save to: ./model-store/TrainTicket/CustomGAE/rca_2024_06_04_21_40/rca_metrics_0.5_exception.json。
[INFO]2024-06-04 21:41:44,756 rca.py:376: -----------------RCA metrics-----------------
[INFO]2024-06-04 21:41:44,756 rca.py:377: n: 48. skipped: 0.
[INFO]2024-06-04 21:41:44,756 rca.py:378: avg_rank: 2.375. 
[INFO]2024-06-04 21:41:44,756 rca.py:380: top 1 acc: 0.6041666666666666. 
[INFO]2024-06-04 21:41:44,756 rca.py:380: top 2 acc: 0.7708333333333334. 
[INFO]2024-06-04 21:41:44,756 rca.py:380: top 3 acc: 0.8125. 
[INFO]2024-06-04 21:41:44,756 rca.py:380: top 4 acc: 0.875. 
[INFO]2024-06-04 21:41:44,756 rca.py:380: top 5 acc: 0.875. 
[INFO]2024-06-04 21:41:44,756 rca.py:380: top 6 acc: 0.9166666666666666. 
[INFO]2024-06-04 21:41:44,756 rca.py:380: top 7 acc: 0.9166666666666666. 
[INFO]2024-06-04 21:41:44,756 rca.py:380: top 8 acc: 0.9166666666666666. 
[INFO]2024-06-04 21:41:44,756 rca.py:380: top 9 acc: 0.9375. 
[INFO]2024-06-04 21:41:44,756 rca.py:380: top 10 acc: 0.9375. 
[INFO]2024-06-04 21:41:44,756 utils.py:90: Save to: ./model-store/TrainTicket/CustomGAE/rca_2024_06_04_21_40/rca_metrics_0.5_code_delay.json。
[INFO]2024-06-04 21:41:44,756 rca.py:376: -----------------RCA metrics-----------------
[INFO]2024-06-04 21:41:44,756 rca.py:377: n: 78. skipped: 0.
[INFO]2024-06-04 21:41:44,756 rca.py:378: avg_rank: 2.2948717948717947. 
[INFO]2024-06-04 21:41:44,756 rca.py:380: top 1 acc: 0.6282051282051282. 
[INFO]2024-06-04 21:41:44,757 rca.py:380: top 2 acc: 0.7564102564102564. 
[INFO]2024-06-04 21:41:44,757 rca.py:380: top 3 acc: 0.8076923076923077. 
[INFO]2024-06-04 21:41:44,757 rca.py:380: top 4 acc: 0.8717948717948718. 
[INFO]2024-06-04 21:41:44,757 rca.py:380: top 5 acc: 0.8846153846153846. 
[INFO]2024-06-04 21:41:44,757 rca.py:380: top 6 acc: 0.9358974358974359. 
[INFO]2024-06-04 21:41:44,757 rca.py:380: top 7 acc: 0.9358974358974359. 
[INFO]2024-06-04 21:41:44,757 rca.py:380: top 8 acc: 0.9358974358974359. 
[INFO]2024-06-04 21:41:44,757 rca.py:380: top 9 acc: 0.9487179487179487. 
[INFO]2024-06-04 21:41:44,757 rca.py:380: top 10 acc: 0.9487179487179487. 
[INFO]2024-06-04 21:41:44,757 utils.py:90: Save to: ./model-store/TrainTicket/CustomGAE/rca_2024_06_04_21_40/rca_metrics_0.5_all.json。
[INFO]2024-06-04 21:41:44,757 run.py:370: -----------------RCA parameters: individual_coef: 0.6.-----------------
[INFO]2024-06-04 21:41:45,176 utils.py:90: Save to: ./model-store/TrainTicket/CustomGAE/rca_2024_06_04_21_40/rca_result_0.6.json。
[INFO]2024-06-04 21:41:45,177 rca.py:376: -----------------RCA metrics-----------------
[INFO]2024-06-04 21:41:45,177 rca.py:377: n: 30. skipped: 0.
[INFO]2024-06-04 21:41:45,177 rca.py:378: avg_rank: 2.1. 
[INFO]2024-06-04 21:41:45,177 rca.py:380: top 1 acc: 0.7. 
[INFO]2024-06-04 21:41:45,177 rca.py:380: top 2 acc: 0.7333333333333333. 
[INFO]2024-06-04 21:41:45,177 rca.py:380: top 3 acc: 0.8. 
[INFO]2024-06-04 21:41:45,177 rca.py:380: top 4 acc: 0.8666666666666667. 
[INFO]2024-06-04 21:41:45,177 rca.py:380: top 5 acc: 0.9333333333333333. 
[INFO]2024-06-04 21:41:45,177 rca.py:380: top 6 acc: 0.9666666666666667. 
[INFO]2024-06-04 21:41:45,177 rca.py:380: top 7 acc: 0.9666666666666667. 
[INFO]2024-06-04 21:41:45,177 rca.py:380: top 8 acc: 0.9666666666666667. 
[INFO]2024-06-04 21:41:45,177 rca.py:380: top 9 acc: 0.9666666666666667. 
[INFO]2024-06-04 21:41:45,177 rca.py:380: top 10 acc: 0.9666666666666667. 
[INFO]2024-06-04 21:41:45,177 utils.py:90: Save to: ./model-store/TrainTicket/CustomGAE/rca_2024_06_04_21_40/rca_metrics_0.6_exception.json。
[INFO]2024-06-04 21:41:45,178 rca.py:376: -----------------RCA metrics-----------------
[INFO]2024-06-04 21:41:45,178 rca.py:377: n: 48. skipped: 0.
[INFO]2024-06-04 21:41:45,178 rca.py:378: avg_rank: 2.2291666666666665. 
[INFO]2024-06-04 21:41:45,178 rca.py:380: top 1 acc: 0.6458333333333334. 
[INFO]2024-06-04 21:41:45,178 rca.py:380: top 2 acc: 0.7916666666666666. 
[INFO]2024-06-04 21:41:45,178 rca.py:380: top 3 acc: 0.8333333333333334. 
[INFO]2024-06-04 21:41:45,178 rca.py:380: top 4 acc: 0.875. 
[INFO]2024-06-04 21:41:45,178 rca.py:380: top 5 acc: 0.8958333333333334. 
[INFO]2024-06-04 21:41:45,178 rca.py:380: top 6 acc: 0.9166666666666666. 
[INFO]2024-06-04 21:41:45,178 rca.py:380: top 7 acc: 0.9375. 
[INFO]2024-06-04 21:41:45,178 rca.py:380: top 8 acc: 0.9375. 
[INFO]2024-06-04 21:41:45,178 rca.py:380: top 9 acc: 0.9375. 
[INFO]2024-06-04 21:41:45,178 rca.py:380: top 10 acc: 0.9375. 
[INFO]2024-06-04 21:41:45,178 utils.py:90: Save to: ./model-store/TrainTicket/CustomGAE/rca_2024_06_04_21_40/rca_metrics_0.6_code_delay.json。
[INFO]2024-06-04 21:41:45,178 rca.py:376: -----------------RCA metrics-----------------
[INFO]2024-06-04 21:41:45,178 rca.py:377: n: 78. skipped: 0.
[INFO]2024-06-04 21:41:45,178 rca.py:378: avg_rank: 2.1794871794871793. 
[INFO]2024-06-04 21:41:45,179 rca.py:380: top 1 acc: 0.6666666666666666. 
[INFO]2024-06-04 21:41:45,179 rca.py:380: top 2 acc: 0.7692307692307693. 
[INFO]2024-06-04 21:41:45,179 rca.py:380: top 3 acc: 0.8205128205128205. 
[INFO]2024-06-04 21:41:45,179 rca.py:380: top 4 acc: 0.8717948717948718. 
[INFO]2024-06-04 21:41:45,179 rca.py:380: top 5 acc: 0.9102564102564102. 
[INFO]2024-06-04 21:41:45,179 rca.py:380: top 6 acc: 0.9358974358974359. 
[INFO]2024-06-04 21:41:45,179 rca.py:380: top 7 acc: 0.9487179487179487. 
[INFO]2024-06-04 21:41:45,179 rca.py:380: top 8 acc: 0.9487179487179487. 
[INFO]2024-06-04 21:41:45,179 rca.py:380: top 9 acc: 0.9487179487179487. 
[INFO]2024-06-04 21:41:45,179 rca.py:380: top 10 acc: 0.9487179487179487. 
[INFO]2024-06-04 21:41:45,179 utils.py:90: Save to: ./model-store/TrainTicket/CustomGAE/rca_2024_06_04_21_40/rca_metrics_0.6_all.json。
[INFO]2024-06-04 21:41:45,179 run.py:370: -----------------RCA parameters: individual_coef: 0.7.-----------------
[INFO]2024-06-04 21:41:45,601 utils.py:90: Save to: ./model-store/TrainTicket/CustomGAE/rca_2024_06_04_21_40/rca_result_0.7.json。
[INFO]2024-06-04 21:41:45,602 rca.py:376: -----------------RCA metrics-----------------
[INFO]2024-06-04 21:41:45,602 rca.py:377: n: 30. skipped: 0.
[INFO]2024-06-04 21:41:45,602 rca.py:378: avg_rank: 1.9333333333333333. 
[INFO]2024-06-04 21:41:45,602 rca.py:380: top 1 acc: 0.7. 
[INFO]2024-06-04 21:41:45,602 rca.py:380: top 2 acc: 0.8. 
[INFO]2024-06-04 21:41:45,602 rca.py:380: top 3 acc: 0.8333333333333334. 
[INFO]2024-06-04 21:41:45,602 rca.py:380: top 4 acc: 0.9. 
[INFO]2024-06-04 21:41:45,602 rca.py:380: top 5 acc: 0.9666666666666667. 
[INFO]2024-06-04 21:41:45,602 rca.py:380: top 6 acc: 0.9666666666666667. 
[INFO]2024-06-04 21:41:45,602 rca.py:380: top 7 acc: 0.9666666666666667. 
[INFO]2024-06-04 21:41:45,602 rca.py:380: top 8 acc: 0.9666666666666667. 
[INFO]2024-06-04 21:41:45,602 rca.py:380: top 9 acc: 0.9666666666666667. 
[INFO]2024-06-04 21:41:45,602 rca.py:380: top 10 acc: 0.9666666666666667. 
[INFO]2024-06-04 21:41:45,602 utils.py:90: Save to: ./model-store/TrainTicket/CustomGAE/rca_2024_06_04_21_40/rca_metrics_0.7_exception.json。
[INFO]2024-06-04 21:41:45,602 rca.py:376: -----------------RCA metrics-----------------
[INFO]2024-06-04 21:41:45,602 rca.py:377: n: 48. skipped: 0.
[INFO]2024-06-04 21:41:45,603 rca.py:378: avg_rank: 2.2291666666666665. 
[INFO]2024-06-04 21:41:45,603 rca.py:380: top 1 acc: 0.625. 
[INFO]2024-06-04 21:41:45,603 rca.py:380: top 2 acc: 0.7708333333333334. 
[INFO]2024-06-04 21:41:45,603 rca.py:380: top 3 acc: 0.8541666666666666. 
[INFO]2024-06-04 21:41:45,603 rca.py:380: top 4 acc: 0.8958333333333334. 
[INFO]2024-06-04 21:41:45,603 rca.py:380: top 5 acc: 0.8958333333333334. 
[INFO]2024-06-04 21:41:45,603 rca.py:380: top 6 acc: 0.9166666666666666. 
[INFO]2024-06-04 21:41:45,603 rca.py:380: top 7 acc: 0.9375. 
[INFO]2024-06-04 21:41:45,603 rca.py:380: top 8 acc: 0.9375. 
[INFO]2024-06-04 21:41:45,603 rca.py:380: top 9 acc: 0.9375. 
[INFO]2024-06-04 21:41:45,603 rca.py:380: top 10 acc: 0.9375. 
[INFO]2024-06-04 21:41:45,603 utils.py:90: Save to: ./model-store/TrainTicket/CustomGAE/rca_2024_06_04_21_40/rca_metrics_0.7_code_delay.json。
[INFO]2024-06-04 21:41:45,603 rca.py:376: -----------------RCA metrics-----------------
[INFO]2024-06-04 21:41:45,603 rca.py:377: n: 78. skipped: 0.
[INFO]2024-06-04 21:41:45,603 rca.py:378: avg_rank: 2.1153846153846154. 
[INFO]2024-06-04 21:41:45,603 rca.py:380: top 1 acc: 0.6538461538461539. 
[INFO]2024-06-04 21:41:45,603 rca.py:380: top 2 acc: 0.782051282051282. 
[INFO]2024-06-04 21:41:45,603 rca.py:380: top 3 acc: 0.8461538461538461. 
[INFO]2024-06-04 21:41:45,603 rca.py:380: top 4 acc: 0.8974358974358975. 
[INFO]2024-06-04 21:41:45,604 rca.py:380: top 5 acc: 0.9230769230769231. 
[INFO]2024-06-04 21:41:45,604 rca.py:380: top 6 acc: 0.9358974358974359. 
[INFO]2024-06-04 21:41:45,604 rca.py:380: top 7 acc: 0.9487179487179487. 
[INFO]2024-06-04 21:41:45,604 rca.py:380: top 8 acc: 0.9487179487179487. 
[INFO]2024-06-04 21:41:45,604 rca.py:380: top 9 acc: 0.9487179487179487. 
[INFO]2024-06-04 21:41:45,604 rca.py:380: top 10 acc: 0.9487179487179487. 
[INFO]2024-06-04 21:41:45,604 utils.py:90: Save to: ./model-store/TrainTicket/CustomGAE/rca_2024_06_04_21_40/rca_metrics_0.7_all.json。
[INFO]2024-06-04 21:41:45,604 run.py:370: -----------------RCA parameters: individual_coef: 0.8.-----------------
[INFO]2024-06-04 21:41:46,027 utils.py:90: Save to: ./model-store/TrainTicket/CustomGAE/rca_2024_06_04_21_40/rca_result_0.8.json。
[INFO]2024-06-04 21:41:46,028 rca.py:376: -----------------RCA metrics-----------------
[INFO]2024-06-04 21:41:46,028 rca.py:377: n: 30. skipped: 0.
[INFO]2024-06-04 21:41:46,028 rca.py:378: avg_rank: 1.8333333333333333. 
[INFO]2024-06-04 21:41:46,028 rca.py:380: top 1 acc: 0.7333333333333333. 
[INFO]2024-06-04 21:41:46,028 rca.py:380: top 2 acc: 0.8. 
[INFO]2024-06-04 21:41:46,028 rca.py:380: top 3 acc: 0.8666666666666667. 
[INFO]2024-06-04 21:41:46,028 rca.py:380: top 4 acc: 0.9333333333333333. 
[INFO]2024-06-04 21:41:46,028 rca.py:380: top 5 acc: 0.9333333333333333. 
[INFO]2024-06-04 21:41:46,028 rca.py:380: top 6 acc: 0.9666666666666667. 
[INFO]2024-06-04 21:41:46,028 rca.py:380: top 7 acc: 0.9666666666666667. 
[INFO]2024-06-04 21:41:46,028 rca.py:380: top 8 acc: 0.9666666666666667. 
[INFO]2024-06-04 21:41:46,028 rca.py:380: top 9 acc: 1.0. 
[INFO]2024-06-04 21:41:46,028 rca.py:380: top 10 acc: 1.0. 
[INFO]2024-06-04 21:41:46,028 utils.py:90: Save to: ./model-store/TrainTicket/CustomGAE/rca_2024_06_04_21_40/rca_metrics_0.8_exception.json。
[INFO]2024-06-04 21:41:46,029 rca.py:376: -----------------RCA metrics-----------------
[INFO]2024-06-04 21:41:46,029 rca.py:377: n: 48. skipped: 0.
[INFO]2024-06-04 21:41:46,029 rca.py:378: avg_rank: 2.1875. 
[INFO]2024-06-04 21:41:46,029 rca.py:380: top 1 acc: 0.6458333333333334. 
[INFO]2024-06-04 21:41:46,029 rca.py:380: top 2 acc: 0.75. 
[INFO]2024-06-04 21:41:46,029 rca.py:380: top 3 acc: 0.8333333333333334. 
[INFO]2024-06-04 21:41:46,029 rca.py:380: top 4 acc: 0.8958333333333334. 
[INFO]2024-06-04 21:41:46,029 rca.py:380: top 5 acc: 0.9375. 
[INFO]2024-06-04 21:41:46,029 rca.py:380: top 6 acc: 0.9375. 
[INFO]2024-06-04 21:41:46,029 rca.py:380: top 7 acc: 0.9375. 
[INFO]2024-06-04 21:41:46,029 rca.py:380: top 8 acc: 0.9375. 
[INFO]2024-06-04 21:41:46,029 rca.py:380: top 9 acc: 0.9375. 
[INFO]2024-06-04 21:41:46,029 rca.py:380: top 10 acc: 0.9375. 
[INFO]2024-06-04 21:41:46,029 utils.py:90: Save to: ./model-store/TrainTicket/CustomGAE/rca_2024_06_04_21_40/rca_metrics_0.8_code_delay.json。
[INFO]2024-06-04 21:41:46,029 rca.py:376: -----------------RCA metrics-----------------
[INFO]2024-06-04 21:41:46,029 rca.py:377: n: 78. skipped: 0.
[INFO]2024-06-04 21:41:46,029 rca.py:378: avg_rank: 2.051282051282051. 
[INFO]2024-06-04 21:41:46,029 rca.py:380: top 1 acc: 0.6794871794871795. 
[INFO]2024-06-04 21:41:46,029 rca.py:380: top 2 acc: 0.7692307692307693. 
[INFO]2024-06-04 21:41:46,030 rca.py:380: top 3 acc: 0.8461538461538461. 
[INFO]2024-06-04 21:41:46,030 rca.py:380: top 4 acc: 0.9102564102564102. 
[INFO]2024-06-04 21:41:46,030 rca.py:380: top 5 acc: 0.9358974358974359. 
[INFO]2024-06-04 21:41:46,030 rca.py:380: top 6 acc: 0.9487179487179487. 
[INFO]2024-06-04 21:41:46,030 rca.py:380: top 7 acc: 0.9487179487179487. 
[INFO]2024-06-04 21:41:46,030 rca.py:380: top 8 acc: 0.9487179487179487. 
[INFO]2024-06-04 21:41:46,030 rca.py:380: top 9 acc: 0.9615384615384616. 
[INFO]2024-06-04 21:41:46,030 rca.py:380: top 10 acc: 0.9615384615384616. 
[INFO]2024-06-04 21:41:46,030 utils.py:90: Save to: ./model-store/TrainTicket/CustomGAE/rca_2024_06_04_21_40/rca_metrics_0.8_all.json。
[INFO]2024-06-04 21:41:46,030 run.py:370: -----------------RCA parameters: individual_coef: 0.9.-----------------
[INFO]2024-06-04 21:41:46,452 utils.py:90: Save to: ./model-store/TrainTicket/CustomGAE/rca_2024_06_04_21_40/rca_result_0.9.json。
[INFO]2024-06-04 21:41:46,452 rca.py:376: -----------------RCA metrics-----------------
[INFO]2024-06-04 21:41:46,452 rca.py:377: n: 30. skipped: 0.
[INFO]2024-06-04 21:41:46,452 rca.py:378: avg_rank: 1.9333333333333333. 
[INFO]2024-06-04 21:41:46,453 rca.py:380: top 1 acc: 0.6666666666666666. 
[INFO]2024-06-04 21:41:46,453 rca.py:380: top 2 acc: 0.7666666666666667. 
[INFO]2024-06-04 21:41:46,453 rca.py:380: top 3 acc: 0.8666666666666667. 
[INFO]2024-06-04 21:41:46,453 rca.py:380: top 4 acc: 0.9333333333333333. 
[INFO]2024-06-04 21:41:46,453 rca.py:380: top 5 acc: 0.9333333333333333. 
[INFO]2024-06-04 21:41:46,453 rca.py:380: top 6 acc: 0.9333333333333333. 
[INFO]2024-06-04 21:41:46,453 rca.py:380: top 7 acc: 0.9666666666666667. 
[INFO]2024-06-04 21:41:46,453 rca.py:380: top 8 acc: 1.0. 
[INFO]2024-06-04 21:41:46,453 rca.py:380: top 9 acc: 1.0. 
[INFO]2024-06-04 21:41:46,453 rca.py:380: top 10 acc: 1.0. 
[INFO]2024-06-04 21:41:46,453 utils.py:90: Save to: ./model-store/TrainTicket/CustomGAE/rca_2024_06_04_21_40/rca_metrics_0.9_exception.json。
[INFO]2024-06-04 21:41:46,453 rca.py:376: -----------------RCA metrics-----------------
[INFO]2024-06-04 21:41:46,453 rca.py:377: n: 48. skipped: 0.
[INFO]2024-06-04 21:41:46,453 rca.py:378: avg_rank: 2.4166666666666665. 
[INFO]2024-06-04 21:41:46,453 rca.py:380: top 1 acc: 0.5. 
[INFO]2024-06-04 21:41:46,453 rca.py:380: top 2 acc: 0.75. 
[INFO]2024-06-04 21:41:46,453 rca.py:380: top 3 acc: 0.7708333333333334. 
[INFO]2024-06-04 21:41:46,453 rca.py:380: top 4 acc: 0.875. 
[INFO]2024-06-04 21:41:46,454 rca.py:380: top 5 acc: 0.9375. 
[INFO]2024-06-04 21:41:46,454 rca.py:380: top 6 acc: 0.9375. 
[INFO]2024-06-04 21:41:46,454 rca.py:380: top 7 acc: 0.9375. 
[INFO]2024-06-04 21:41:46,454 rca.py:380: top 8 acc: 0.9375. 
[INFO]2024-06-04 21:41:46,454 rca.py:380: top 9 acc: 0.9375. 
[INFO]2024-06-04 21:41:46,454 rca.py:380: top 10 acc: 0.9375. 
[INFO]2024-06-04 21:41:46,454 utils.py:90: Save to: ./model-store/TrainTicket/CustomGAE/rca_2024_06_04_21_40/rca_metrics_0.9_code_delay.json。
[INFO]2024-06-04 21:41:46,454 rca.py:376: -----------------RCA metrics-----------------
[INFO]2024-06-04 21:41:46,454 rca.py:377: n: 78. skipped: 0.
[INFO]2024-06-04 21:41:46,454 rca.py:378: avg_rank: 2.230769230769231. 
[INFO]2024-06-04 21:41:46,454 rca.py:380: top 1 acc: 0.5641025641025641. 
[INFO]2024-06-04 21:41:46,454 rca.py:380: top 2 acc: 0.7564102564102564. 
[INFO]2024-06-04 21:41:46,454 rca.py:380: top 3 acc: 0.8076923076923077. 
[INFO]2024-06-04 21:41:46,454 rca.py:380: top 4 acc: 0.8974358974358975. 
[INFO]2024-06-04 21:41:46,454 rca.py:380: top 5 acc: 0.9358974358974359. 
[INFO]2024-06-04 21:41:46,454 rca.py:380: top 6 acc: 0.9358974358974359. 
[INFO]2024-06-04 21:41:46,454 rca.py:380: top 7 acc: 0.9487179487179487. 
[INFO]2024-06-04 21:41:46,454 rca.py:380: top 8 acc: 0.9615384615384616. 
[INFO]2024-06-04 21:41:46,454 rca.py:380: top 9 acc: 0.9615384615384616. 
[INFO]2024-06-04 21:41:46,454 rca.py:380: top 10 acc: 0.9615384615384616. 
[INFO]2024-06-04 21:41:46,455 utils.py:90: Save to: ./model-store/TrainTicket/CustomGAE/rca_2024_06_04_21_40/rca_metrics_0.9_all.json。
[INFO]2024-06-04 21:41:46,455 run.py:370: -----------------RCA parameters: individual_coef: 1.0.-----------------
[INFO]2024-06-04 21:41:46,843 utils.py:90: Save to: ./model-store/TrainTicket/CustomGAE/rca_2024_06_04_21_40/rca_result_1.0.json。
[INFO]2024-06-04 21:41:46,843 rca.py:376: -----------------RCA metrics-----------------
[INFO]2024-06-04 21:41:46,843 rca.py:377: n: 30. skipped: 0.
[INFO]2024-06-04 21:41:46,844 rca.py:378: avg_rank: 1.8666666666666667. 
[INFO]2024-06-04 21:41:46,844 rca.py:380: top 1 acc: 0.7. 
[INFO]2024-06-04 21:41:46,844 rca.py:380: top 2 acc: 0.8. 
[INFO]2024-06-04 21:41:46,844 rca.py:380: top 3 acc: 0.9333333333333333. 
[INFO]2024-06-04 21:41:46,844 rca.py:380: top 4 acc: 0.9333333333333333. 
[INFO]2024-06-04 21:41:46,844 rca.py:380: top 5 acc: 0.9333333333333333. 
[INFO]2024-06-04 21:41:46,844 rca.py:380: top 6 acc: 0.9333333333333333. 
[INFO]2024-06-04 21:41:46,844 rca.py:380: top 7 acc: 0.9666666666666667. 
[INFO]2024-06-04 21:41:46,844 rca.py:380: top 8 acc: 0.9666666666666667. 
[INFO]2024-06-04 21:41:46,844 rca.py:380: top 9 acc: 0.9666666666666667. 
[INFO]2024-06-04 21:41:46,844 rca.py:380: top 10 acc: 0.9666666666666667. 
[INFO]2024-06-04 21:41:46,844 utils.py:90: Save to: ./model-store/TrainTicket/CustomGAE/rca_2024_06_04_21_40/rca_metrics_1.0_exception.json。
[INFO]2024-06-04 21:41:46,844 rca.py:376: -----------------RCA metrics-----------------
[INFO]2024-06-04 21:41:46,844 rca.py:377: n: 48. skipped: 0.
[INFO]2024-06-04 21:41:46,844 rca.py:378: avg_rank: 2.4166666666666665. 
[INFO]2024-06-04 21:41:46,844 rca.py:380: top 1 acc: 0.5. 
[INFO]2024-06-04 21:41:46,844 rca.py:380: top 2 acc: 0.75. 
[INFO]2024-06-04 21:41:46,844 rca.py:380: top 3 acc: 0.7916666666666666. 
[INFO]2024-06-04 21:41:46,844 rca.py:380: top 4 acc: 0.875. 
[INFO]2024-06-04 21:41:46,844 rca.py:380: top 5 acc: 0.9166666666666666. 
[INFO]2024-06-04 21:41:46,844 rca.py:380: top 6 acc: 0.9375. 
[INFO]2024-06-04 21:41:46,845 rca.py:380: top 7 acc: 0.9375. 
[INFO]2024-06-04 21:41:46,845 rca.py:380: top 8 acc: 0.9375. 
[INFO]2024-06-04 21:41:46,845 rca.py:380: top 9 acc: 0.9375. 
[INFO]2024-06-04 21:41:46,845 rca.py:380: top 10 acc: 0.9375. 
[INFO]2024-06-04 21:41:46,845 utils.py:90: Save to: ./model-store/TrainTicket/CustomGAE/rca_2024_06_04_21_40/rca_metrics_1.0_code_delay.json。
[INFO]2024-06-04 21:41:46,845 rca.py:376: -----------------RCA metrics-----------------
[INFO]2024-06-04 21:41:46,845 rca.py:377: n: 78. skipped: 0.
[INFO]2024-06-04 21:41:46,845 rca.py:378: avg_rank: 2.2051282051282053. 
[INFO]2024-06-04 21:41:46,845 rca.py:380: top 1 acc: 0.5769230769230769. 
[INFO]2024-06-04 21:41:46,845 rca.py:380: top 2 acc: 0.7692307692307693. 
[INFO]2024-06-04 21:41:46,845 rca.py:380: top 3 acc: 0.8461538461538461. 
[INFO]2024-06-04 21:41:46,845 rca.py:380: top 4 acc: 0.8974358974358975. 
[INFO]2024-06-04 21:41:46,845 rca.py:380: top 5 acc: 0.9230769230769231. 
[INFO]2024-06-04 21:41:46,845 rca.py:380: top 6 acc: 0.9358974358974359. 
[INFO]2024-06-04 21:41:46,845 rca.py:380: top 7 acc: 0.9487179487179487. 
[INFO]2024-06-04 21:41:46,845 rca.py:380: top 8 acc: 0.9487179487179487. 
[INFO]2024-06-04 21:41:46,845 rca.py:380: top 9 acc: 0.9487179487179487. 
[INFO]2024-06-04 21:41:46,845 rca.py:380: top 10 acc: 0.9487179487179487. 
[INFO]2024-06-04 21:41:46,846 utils.py:90: Save to: ./model-store/TrainTicket/CustomGAE/rca_2024_06_04_21_40/rca_metrics_1.0_all.json。
