[INFO]2024-06-04 23:18:16,930 log.py:38: logs/2024_06_04_23_18_myrca.log
[INFO]2024-06-04 23:18:17,573 run.py:892: mode: rca
[INFO]2024-06-04 23:18:17,574 run.py:903: model: CustomGAE.
[INFO]2024-06-04 23:18:17,574 run.py:903: model_file: ./model-store/TrainTicket/CustomGAE/train_2024_06_02_16_22/model.pth.
[INFO]2024-06-04 23:18:17,574 run.py:903: mode: rca.
[INFO]2024-06-04 23:18:17,574 run.py:903: epoch: 240.
[INFO]2024-06-04 23:18:17,574 run.py:903: batch_size: 64.
[INFO]2024-06-04 23:18:17,574 run.py:903: lr: 0.001.
[INFO]2024-06-04 23:18:17,574 run.py:903: device: cuda.
[INFO]2024-06-04 23:18:17,574 run.py:903: valid_ratio: 0.2.
[INFO]2024-06-04 23:18:17,574 run.py:903: dataset: TrainTicket.
[INFO]2024-06-04 23:18:17,574 run.py:903: data_dir: ../datasets/Nezha/TrainTicket_2024.
[INFO]2024-06-04 23:18:17,574 run.py:903: failure_types: ['cpu_contention', 'network_delay'].
[INFO]2024-06-04 23:18:17,574 run.py:903: failure_duration: 3.
[INFO]2024-06-04 23:18:17,574 run.py:903: train_dates: None.
[INFO]2024-06-04 23:18:17,574 run.py:903: test_dates: ['2024-04-05', '2024-04-06'].
[INFO]2024-06-04 23:18:17,574 run.py:903: cloudbeds: ['cloudbed-1'].
[INFO]2024-06-04 23:18:17,574 run.py:903: used_etypes: None.
[INFO]2024-06-04 23:18:17,574 run.py:903: nfeat_select: {'api': ['count', 'mean', 'q10', 'q20', 'q30', 'q40', 'q50', 'q60', 'q70', 'q80', 'q90', 'q95', 'q99', 'q100'], 'pod': ['CpuUsage(m)', 'CpuUsageRate(%)', 'MemoryUsage(Mi)', 'MemoryUsageRate(%)', 'SyscallRead', 'SyscallWrite', 'NetworkReceiveBytes', 'NetworkTransmitBytes', 'PodWorkload(Ops)']}.
[INFO]2024-06-04 23:18:17,574 run.py:903: node_scale_type: nodewise.
[INFO]2024-06-04 23:18:17,574 run.py:903: edge_scale_type: edgewise.
[INFO]2024-06-04 23:18:17,574 run.py:903: edge_reverse: True.
[INFO]2024-06-04 23:18:17,574 run.py:903: log_before_scale: True.
[INFO]2024-06-04 23:18:17,574 run.py:903: process_miss: interpolate.
[INFO]2024-06-04 23:18:17,575 run.py:903: process_extreme: False.
[INFO]2024-06-04 23:18:17,575 run.py:903: k_sigma: 3.
[INFO]2024-06-04 23:18:17,575 run.py:903: conv_type: DotGAT.
[INFO]2024-06-04 23:18:17,575 run.py:903: num_heads: 12.
[INFO]2024-06-04 23:18:17,575 run.py:903: feat_drop: 0.0.
[INFO]2024-06-04 23:18:17,575 run.py:903: attn_drop: 0.0.
[INFO]2024-06-04 23:18:17,575 run.py:903: num_enc_layers: 1.
[INFO]2024-06-04 23:18:17,575 run.py:903: num_dec_layers: 1.
[INFO]2024-06-04 23:18:17,575 run.py:903: decoder_type: mlp.
[INFO]2024-06-04 23:18:17,575 run.py:903: num_etypes: 6.
[INFO]2024-06-04 23:18:17,575 run.py:903: edge_feats: 1.
[INFO]2024-06-04 23:18:17,575 run.py:903: etype_feats: 5.
[INFO]2024-06-04 23:18:17,575 run.py:903: residual: False.
[INFO]2024-06-04 23:18:17,575 run.py:903: hidden_dim: 8.
[INFO]2024-06-04 23:18:17,575 run.py:903: proj_feats: 12.
[INFO]2024-06-04 23:18:17,575 run.py:903: mask: False.
[INFO]2024-06-04 23:18:17,575 run.py:903: mask_feat_type: mean.
[INFO]2024-06-04 23:18:17,575 run.py:903: loss_type: mse.
[INFO]2024-06-04 23:18:17,575 run.py:903: use_edge_feats: True.
[INFO]2024-06-04 23:18:17,575 run.py:903: use_etype_feats: False.
[INFO]2024-06-04 23:18:17,575 run.py:903: embedding: True.
[INFO]2024-06-04 23:18:17,575 run.py:903: recon_ntypes: ['api', 'pod'].
[INFO]2024-06-04 23:18:17,575 run.py:903: window: 1440.
[INFO]2024-06-04 23:18:17,575 run.py:903: score_type: pred_and_mean.
[INFO]2024-06-04 23:18:17,575 run.py:903: causal_threshold: 0.6.
[INFO]2024-06-04 23:18:17,575 run.py:903: ad_threshold: 3.0.
[INFO]2024-06-04 23:18:17,575 run.py:903: threshold_1: 0.
[INFO]2024-06-04 23:18:17,575 run.py:903: threshold_2: 8.
[INFO]2024-06-04 23:18:17,575 run.py:903: weight_score: False.
[INFO]2024-06-04 23:18:17,577 run.py:927: RCA Testing...
[INFO]2024-06-04 23:18:35,911 dataset.py:290: Processing missing values using interpolate...
[INFO]2024-06-04 23:18:35,911 dataset.py:300: Padding ndata...
[INFO]2024-06-04 23:18:35,995 dataset.py:315: Padding edata...
[INFO]2024-06-04 23:18:36,017 dataset_trainticket.py:264: Number of graphs: 78
[INFO]2024-06-04 23:18:36,139 run.py:130: Load dataset completed.
[INFO]2024-06-04 23:18:37,343 run.py:166: Load model completed.
[INFO]2024-06-04 23:18:38,667 run.py:776: Model prediction completed.
[INFO]2024-06-04 23:18:38,668 rca.py:476: Anomaly detection for graph nodes...
[INFO]2024-06-04 23:18:39,140 rca.py:135: Calculating causal effect...
[DEBUG]2024-06-04 23:18:39,140 rca.py:148: Copy information.
[DEBUG]2024-06-04 23:18:39,143 rca.py:155: Load mask features.
[INFO]2024-06-04 23:19:12,011 rca.py:476: Anomaly detection for graph nodes...
[DEBUG]2024-06-04 23:19:12,460 rca.py:572: ---------------------timestamp: 2024-04-06 04:55:00---------------------
[DEBUG]2024-06-04 23:19:12,461 rca.py:592: nid       : 124.
 pod_feat  : [0.99648 0.99463 1.2383  1.23868 0.      0.      1.01776 1.02723 0.48505].
 feat      : [0.70949 0.84871 1.00076 1.1179  0.93962 1.48205 1.31535 0.99873 0.82347 0.73228 0.74527 0.86683 0.74311 0.72214].
 feat_pred : [0.78776 0.47478 0.93638 0.96708 0.95735 0.90718 0.79995 0.70963 0.68781 0.70704 0.55547 0.47259 0.46604 0.48419].
 mean      : -1.
 mean dist : 0.3274331187488619.
 std dist  : 0.1574087982258868.
 score     : 4.869562033939636.
 dist      : 1.093945026397705.

[DEBUG]2024-06-04 23:19:12,462 rca.py:592: nid       : 119.
 pod_feat  : [0.99648 0.99463 1.2383  1.23868 0.      0.      1.01776 1.02723 0.48505].
 feat      : [0.70949 0.84227 0.96071 1.07756 0.93447 1.55853 1.33601 0.99467 0.81241 0.71953 0.73456 0.85804 0.73422 0.71284].
 feat_pred : [0.74566 0.85673 0.92415 0.9485  0.96905 0.96166 0.9514  0.93641 0.9371  0.92378 0.88701 0.85442 0.82926 0.8224 ].
 mean      : -1.
 mean dist : 0.2886988063414264.
 std dist  : 0.14227483440754982.
 score     : 3.548916740882634.
 dist      : 0.7936203479766846.

[DEBUG]2024-06-04 23:19:12,462 rca.py:592: nid       : 216.
 pod_feat  : [0.67754 0.53761 0.05807 0.05776 0.      0.      0.71063 0.95003 0.     ].
 feat      : [0.70949 0.77668 0.73332 0.87506 1.05704 1.48647 1.27252 0.95423 0.78043 0.69453 0.70042 0.81027 0.67124 0.6599 ].
 feat_pred : [0.77337 0.66933 0.89884 0.90818 0.91778 0.90759 0.89091 0.85742 0.8194  0.75323 0.67198 0.62706 0.60692 0.60773].
 mean      : -1.
 mean dist : 0.36100431218588774.
 std dist  : 0.28618626774740624.
 score     : 1.4447086100749014.
 dist      : 0.7744600772857666.

[DEBUG]2024-06-04 23:19:12,463 rca.py:592: nid       : 113.
 pod_feat  : [0.92303 0.8796  0.09212 0.09201 0.      0.      1.0506  0.84018 0.77128].
 feat      : [0.55329 0.22679 0.22549 0.2005  0.20523 0.21723 0.22876 0.23387 0.23882 0.24187 0.23578 0.23392 0.23284 0.23261].
 feat_pred : [0.73383 0.39797 0.34741 0.34625 0.34792 0.34751 0.35325 0.34515 0.36236 0.40097 0.42665 0.4354  0.43365 0.42553].
 mean      : -1.
 mean dist : 0.7577852704022988.
 std dist  : 0.28799906941787223.
 score     : 0.0.
 dist      : 0.5986294746398926.

[DEBUG]2024-06-04 23:19:12,464 rca.py:592: nid       : 114.
 pod_feat  : [0.92303 0.8796  0.09212 0.09201 0.      0.      1.0506  0.84018 0.77128].
 feat      : [0.73487 0.8255  0.4207  0.39735 0.37049 0.35578 0.40129 0.39946 0.56883 0.62634 0.91202 0.94943 0.96479 0.96702].
 feat_pred : [0.80962 0.36153 0.30334 0.30085 0.31061 0.32551 0.34294 0.3663  0.39031 0.40737 0.40418 0.39181 0.38433 0.38266].
 mean      : -1.
 mean dist : 0.6315837529329074.
 std dist  : 0.5825506985709861.
 score     : 1.073552591263493.
 dist      : 1.2569825649261475.

[DEBUG]2024-06-04 23:19:12,464 rca.py:592: nid       : 107.
 pod_feat  : [0.92303 0.8796  0.09212 0.09201 0.      0.      1.0506  0.84018 0.77128].
 feat      : [0.55329 0.82769 0.37216 0.43639 0.47476 0.52618 0.55509 0.75444 0.87648 0.9472  1.0104  1.01986 1.02608 1.03392].
 feat_pred : [0.57464 0.63512 0.39892 0.40495 0.42098 0.43771 0.44632 0.48561 0.53956 0.59742 0.66564 0.69068 0.70083 0.70336].
 mean      : -1.
 mean dist : 0.4699824529814324.
 std dist  : 0.36391054517549837.
 score     : 1.185015391627553.
 dist      : 0.9012220501899719.

[DEBUG]2024-06-04 23:19:12,464 rca.py:572: ---------------------timestamp: 2024-04-06 05:03:00---------------------
[DEBUG]2024-06-04 23:19:12,465 rca.py:592: nid       : 91.
 pod_feat  : [0.8005  0.78746 1.05204 1.0521  0.      0.      0.861   0.87928 0.21091].
 feat      : [0.      1.44583 1.58939 1.59249 1.57    1.54979 1.52638 1.47855 1.41198 1.32583 1.25092 1.21913 1.20116 1.20116].
 feat_pred : [0.02935 0.75434 0.80616 0.80854 0.80446 0.7899  0.7782  0.7647  0.75263 0.73039 0.69336 0.66516 0.64552 0.63958].
 mean      : -1.
 mean dist : 0.19399283779541984.
 std dist  : 0.15355635939309328.
 score     : 14.649902177740463.
 dist      : 2.4435784816741943.

[DEBUG]2024-06-04 23:19:12,466 rca.py:592: nid       : 80.
 pod_feat  : [0.8005  0.78746 1.05204 1.0521  0.      0.      0.861   0.87928 0.21091].
 feat      : [0.67988 0.82426 0.21771 0.68079 0.689   0.68807 0.67661 0.75296 0.70461 0.62221 0.75823 0.93488 0.90075 0.89569].
 feat_pred : [0.31174 0.87691 0.73516 0.75453 0.77592 0.79019 0.80592 0.83454 0.86188 0.86733 0.8759  0.87805 0.87237 0.86777].
 mean      : -1.
 mean dist : 0.4615503731480195.
 std dist  : 0.17287332407370296.
 score     : 1.644685811116181.
 dist      : 0.7458726763725281.

[DEBUG]2024-06-04 23:19:12,466 rca.py:572: ---------------------timestamp: 2024-04-06 05:04:00---------------------
[DEBUG]2024-06-04 23:19:12,466 rca.py:592: nid       : 91.
 pod_feat  : [0.4426  0.41981 1.05204 1.0521  0.      0.      0.79536 0.74688 0.61793].
 feat      : [0.      1.27348 1.40472 1.40266 1.38285 1.36505 1.34443 1.3023  1.24367 1.16779 1.10181 1.07381 1.05798 1.05798].
 feat_pred : [0.0887  0.73702 0.72955 0.73526 0.74007 0.7319  0.72351 0.71728 0.72285 0.72439 0.70563 0.68171 0.66544 0.66069].
 mean      : -1.
 mean dist : 0.19399283779541984.
 std dist  : 0.15355635939309328.
 score     : 0.0.
 dist      : 1.9568507671356201.

[DEBUG]2024-06-04 23:19:12,467 rca.py:592: nid       : 80.
 pod_feat  : [0.4426  0.41981 1.05204 1.0521  0.      0.      0.79536 0.74688 0.61793].
 feat      : [0.69513 1.07697 0.60545 0.80162 0.7707  0.73394 0.7478  0.90439 0.9457  1.11545 1.00683 1.04445 1.05771 1.04142].
 feat_pred : [0.64114 0.94319 0.83284 0.85812 0.88291 0.88845 0.89875 0.90652 0.93222 0.94684 0.9602  0.9618  0.95609 0.94848].
 mean      : -1.
 mean dist : 0.4615503731480195.
 std dist  : 0.17287332407370296.
 score     : 0.0.
 dist      : 0.4376610219478607.

[INFO]2024-06-04 23:19:12,477 utils.py:90: Save to: ./model-store/TrainTicket/CustomGAE/rca_2024_06_04_23_18/propagation_ad_rsts.json。
[INFO]2024-06-04 23:19:12,477 run.py:370: -----------------RCA parameters: individual_coef: 0.0.-----------------
[INFO]2024-06-04 23:19:12,786 utils.py:90: Save to: ./model-store/TrainTicket/CustomGAE/rca_2024_06_04_23_18/rca_result_0.0.json。
[INFO]2024-06-04 23:19:12,786 rca.py:376: -----------------RCA metrics-----------------
[INFO]2024-06-04 23:19:12,786 rca.py:377: n: 32. skipped: 0.
[INFO]2024-06-04 23:19:12,786 rca.py:378: avg_rank: 4.375. 
[INFO]2024-06-04 23:19:12,787 rca.py:380: top 1 acc: 0.5. 
[INFO]2024-06-04 23:19:12,787 rca.py:380: top 2 acc: 0.53125. 
[INFO]2024-06-04 23:19:12,787 rca.py:380: top 3 acc: 0.59375. 
[INFO]2024-06-04 23:19:12,787 rca.py:380: top 4 acc: 0.625. 
[INFO]2024-06-04 23:19:12,787 rca.py:380: top 5 acc: 0.625. 
[INFO]2024-06-04 23:19:12,787 rca.py:380: top 6 acc: 0.6875. 
[INFO]2024-06-04 23:19:12,787 rca.py:380: top 7 acc: 0.6875. 
[INFO]2024-06-04 23:19:12,787 rca.py:380: top 8 acc: 0.6875. 
[INFO]2024-06-04 23:19:12,787 rca.py:380: top 9 acc: 0.6875. 
[INFO]2024-06-04 23:19:12,787 rca.py:380: top 10 acc: 0.6875. 
[INFO]2024-06-04 23:19:12,787 utils.py:90: Save to: ./model-store/TrainTicket/CustomGAE/rca_2024_06_04_23_18/rca_metrics_0.0_cpu_contention.json。
[INFO]2024-06-04 23:19:12,787 rca.py:376: -----------------RCA metrics-----------------
[INFO]2024-06-04 23:19:12,787 rca.py:377: n: 46. skipped: 0.
[INFO]2024-06-04 23:19:12,787 rca.py:378: avg_rank: 5.673913043478261. 
[INFO]2024-06-04 23:19:12,787 rca.py:380: top 1 acc: 0.30434782608695654. 
[INFO]2024-06-04 23:19:12,787 rca.py:380: top 2 acc: 0.41304347826086957. 
[INFO]2024-06-04 23:19:12,787 rca.py:380: top 3 acc: 0.43478260869565216. 
[INFO]2024-06-04 23:19:12,787 rca.py:380: top 4 acc: 0.4782608695652174. 
[INFO]2024-06-04 23:19:12,788 rca.py:380: top 5 acc: 0.5217391304347826. 
[INFO]2024-06-04 23:19:12,788 rca.py:380: top 6 acc: 0.5434782608695652. 
[INFO]2024-06-04 23:19:12,788 rca.py:380: top 7 acc: 0.5434782608695652. 
[INFO]2024-06-04 23:19:12,788 rca.py:380: top 8 acc: 0.5434782608695652. 
[INFO]2024-06-04 23:19:12,788 rca.py:380: top 9 acc: 0.5434782608695652. 
[INFO]2024-06-04 23:19:12,788 rca.py:380: top 10 acc: 0.5434782608695652. 
[INFO]2024-06-04 23:19:12,788 utils.py:90: Save to: ./model-store/TrainTicket/CustomGAE/rca_2024_06_04_23_18/rca_metrics_0.0_network_delay.json。
[INFO]2024-06-04 23:19:12,788 rca.py:376: -----------------RCA metrics-----------------
[INFO]2024-06-04 23:19:12,788 rca.py:377: n: 78. skipped: 0.
[INFO]2024-06-04 23:19:12,788 rca.py:378: avg_rank: 5.141025641025641. 
[INFO]2024-06-04 23:19:12,788 rca.py:380: top 1 acc: 0.38461538461538464. 
[INFO]2024-06-04 23:19:12,788 rca.py:380: top 2 acc: 0.46153846153846156. 
[INFO]2024-06-04 23:19:12,788 rca.py:380: top 3 acc: 0.5. 
[INFO]2024-06-04 23:19:12,788 rca.py:380: top 4 acc: 0.5384615384615384. 
[INFO]2024-06-04 23:19:12,788 rca.py:380: top 5 acc: 0.5641025641025641. 
[INFO]2024-06-04 23:19:12,788 rca.py:380: top 6 acc: 0.6025641025641025. 
[INFO]2024-06-04 23:19:12,788 rca.py:380: top 7 acc: 0.6025641025641025. 
[INFO]2024-06-04 23:19:12,788 rca.py:380: top 8 acc: 0.6025641025641025. 
[INFO]2024-06-04 23:19:12,788 rca.py:380: top 9 acc: 0.6025641025641025. 
[INFO]2024-06-04 23:19:12,789 rca.py:380: top 10 acc: 0.6025641025641025. 
[INFO]2024-06-04 23:19:12,789 utils.py:90: Save to: ./model-store/TrainTicket/CustomGAE/rca_2024_06_04_23_18/rca_metrics_0.0_all.json。
[INFO]2024-06-04 23:19:12,789 run.py:370: -----------------RCA parameters: individual_coef: 0.1.-----------------
[INFO]2024-06-04 23:19:13,209 utils.py:90: Save to: ./model-store/TrainTicket/CustomGAE/rca_2024_06_04_23_18/rca_result_0.1.json。
[INFO]2024-06-04 23:19:13,209 rca.py:376: -----------------RCA metrics-----------------
[INFO]2024-06-04 23:19:13,209 rca.py:377: n: 32. skipped: 0.
[INFO]2024-06-04 23:19:13,209 rca.py:378: avg_rank: 1.34375. 
[INFO]2024-06-04 23:19:13,209 rca.py:380: top 1 acc: 0.84375. 
[INFO]2024-06-04 23:19:13,209 rca.py:380: top 2 acc: 0.875. 
[INFO]2024-06-04 23:19:13,209 rca.py:380: top 3 acc: 0.96875. 
[INFO]2024-06-04 23:19:13,209 rca.py:380: top 4 acc: 0.96875. 
[INFO]2024-06-04 23:19:13,209 rca.py:380: top 5 acc: 1.0. 
[INFO]2024-06-04 23:19:13,209 rca.py:380: top 6 acc: 1.0. 
[INFO]2024-06-04 23:19:13,209 rca.py:380: top 7 acc: 1.0. 
[INFO]2024-06-04 23:19:13,209 rca.py:380: top 8 acc: 1.0. 
[INFO]2024-06-04 23:19:13,209 rca.py:380: top 9 acc: 1.0. 
[INFO]2024-06-04 23:19:13,209 rca.py:380: top 10 acc: 1.0. 
[INFO]2024-06-04 23:19:13,210 utils.py:90: Save to: ./model-store/TrainTicket/CustomGAE/rca_2024_06_04_23_18/rca_metrics_0.1_cpu_contention.json。
[INFO]2024-06-04 23:19:13,210 rca.py:376: -----------------RCA metrics-----------------
[INFO]2024-06-04 23:19:13,210 rca.py:377: n: 46. skipped: 0.
[INFO]2024-06-04 23:19:13,210 rca.py:378: avg_rank: 4.695652173913044. 
[INFO]2024-06-04 23:19:13,210 rca.py:380: top 1 acc: 0.30434782608695654. 
[INFO]2024-06-04 23:19:13,210 rca.py:380: top 2 acc: 0.43478260869565216. 
[INFO]2024-06-04 23:19:13,210 rca.py:380: top 3 acc: 0.5217391304347826. 
[INFO]2024-06-04 23:19:13,210 rca.py:380: top 4 acc: 0.5652173913043478. 
[INFO]2024-06-04 23:19:13,210 rca.py:380: top 5 acc: 0.6304347826086957. 
[INFO]2024-06-04 23:19:13,210 rca.py:380: top 6 acc: 0.6739130434782609. 
[INFO]2024-06-04 23:19:13,210 rca.py:380: top 7 acc: 0.717391304347826. 
[INFO]2024-06-04 23:19:13,210 rca.py:380: top 8 acc: 0.717391304347826. 
[INFO]2024-06-04 23:19:13,210 rca.py:380: top 9 acc: 0.7391304347826086. 
[INFO]2024-06-04 23:19:13,210 rca.py:380: top 10 acc: 0.7608695652173914. 
[INFO]2024-06-04 23:19:13,210 utils.py:90: Save to: ./model-store/TrainTicket/CustomGAE/rca_2024_06_04_23_18/rca_metrics_0.1_network_delay.json。
[INFO]2024-06-04 23:19:13,211 rca.py:376: -----------------RCA metrics-----------------
[INFO]2024-06-04 23:19:13,211 rca.py:377: n: 78. skipped: 0.
[INFO]2024-06-04 23:19:13,211 rca.py:378: avg_rank: 3.3205128205128207. 
[INFO]2024-06-04 23:19:13,211 rca.py:380: top 1 acc: 0.5256410256410257. 
[INFO]2024-06-04 23:19:13,211 rca.py:380: top 2 acc: 0.6153846153846154. 
[INFO]2024-06-04 23:19:13,211 rca.py:380: top 3 acc: 0.7051282051282052. 
[INFO]2024-06-04 23:19:13,211 rca.py:380: top 4 acc: 0.7307692307692307. 
[INFO]2024-06-04 23:19:13,211 rca.py:380: top 5 acc: 0.782051282051282. 
[INFO]2024-06-04 23:19:13,211 rca.py:380: top 6 acc: 0.8076923076923077. 
[INFO]2024-06-04 23:19:13,211 rca.py:380: top 7 acc: 0.8333333333333334. 
[INFO]2024-06-04 23:19:13,211 rca.py:380: top 8 acc: 0.8333333333333334. 
[INFO]2024-06-04 23:19:13,211 rca.py:380: top 9 acc: 0.8461538461538461. 
[INFO]2024-06-04 23:19:13,211 rca.py:380: top 10 acc: 0.8589743589743589. 
[INFO]2024-06-04 23:19:13,211 utils.py:90: Save to: ./model-store/TrainTicket/CustomGAE/rca_2024_06_04_23_18/rca_metrics_0.1_all.json。
[INFO]2024-06-04 23:19:13,211 run.py:370: -----------------RCA parameters: individual_coef: 0.2.-----------------
[INFO]2024-06-04 23:19:13,627 utils.py:90: Save to: ./model-store/TrainTicket/CustomGAE/rca_2024_06_04_23_18/rca_result_0.2.json。
[INFO]2024-06-04 23:19:13,628 rca.py:376: -----------------RCA metrics-----------------
[INFO]2024-06-04 23:19:13,628 rca.py:377: n: 32. skipped: 0.
[INFO]2024-06-04 23:19:13,628 rca.py:378: avg_rank: 1.21875. 
[INFO]2024-06-04 23:19:13,628 rca.py:380: top 1 acc: 0.90625. 
[INFO]2024-06-04 23:19:13,628 rca.py:380: top 2 acc: 0.9375. 
[INFO]2024-06-04 23:19:13,628 rca.py:380: top 3 acc: 0.96875. 
[INFO]2024-06-04 23:19:13,628 rca.py:380: top 4 acc: 0.96875. 
[INFO]2024-06-04 23:19:13,628 rca.py:380: top 5 acc: 1.0. 
[INFO]2024-06-04 23:19:13,628 rca.py:380: top 6 acc: 1.0. 
[INFO]2024-06-04 23:19:13,628 rca.py:380: top 7 acc: 1.0. 
[INFO]2024-06-04 23:19:13,628 rca.py:380: top 8 acc: 1.0. 
[INFO]2024-06-04 23:19:13,628 rca.py:380: top 9 acc: 1.0. 
[INFO]2024-06-04 23:19:13,628 rca.py:380: top 10 acc: 1.0. 
[INFO]2024-06-04 23:19:13,628 utils.py:90: Save to: ./model-store/TrainTicket/CustomGAE/rca_2024_06_04_23_18/rca_metrics_0.2_cpu_contention.json。
[INFO]2024-06-04 23:19:13,628 rca.py:376: -----------------RCA metrics-----------------
[INFO]2024-06-04 23:19:13,629 rca.py:377: n: 46. skipped: 0.
[INFO]2024-06-04 23:19:13,629 rca.py:378: avg_rank: 4.1521739130434785. 
[INFO]2024-06-04 23:19:13,629 rca.py:380: top 1 acc: 0.391304347826087. 
[INFO]2024-06-04 23:19:13,629 rca.py:380: top 2 acc: 0.5434782608695652. 
[INFO]2024-06-04 23:19:13,629 rca.py:380: top 3 acc: 0.6086956521739131. 
[INFO]2024-06-04 23:19:13,629 rca.py:380: top 4 acc: 0.6304347826086957. 
[INFO]2024-06-04 23:19:13,629 rca.py:380: top 5 acc: 0.6521739130434783. 
[INFO]2024-06-04 23:19:13,629 rca.py:380: top 6 acc: 0.6956521739130435. 
[INFO]2024-06-04 23:19:13,629 rca.py:380: top 7 acc: 0.7608695652173914. 
[INFO]2024-06-04 23:19:13,629 rca.py:380: top 8 acc: 0.7608695652173914. 
[INFO]2024-06-04 23:19:13,629 rca.py:380: top 9 acc: 0.8043478260869565. 
[INFO]2024-06-04 23:19:13,629 rca.py:380: top 10 acc: 0.8260869565217391. 
[INFO]2024-06-04 23:19:13,629 utils.py:90: Save to: ./model-store/TrainTicket/CustomGAE/rca_2024_06_04_23_18/rca_metrics_0.2_network_delay.json。
[INFO]2024-06-04 23:19:13,629 rca.py:376: -----------------RCA metrics-----------------
[INFO]2024-06-04 23:19:13,629 rca.py:377: n: 78. skipped: 0.
[INFO]2024-06-04 23:19:13,629 rca.py:378: avg_rank: 2.948717948717949. 
[INFO]2024-06-04 23:19:13,629 rca.py:380: top 1 acc: 0.6025641025641025. 
[INFO]2024-06-04 23:19:13,629 rca.py:380: top 2 acc: 0.7051282051282052. 
[INFO]2024-06-04 23:19:13,629 rca.py:380: top 3 acc: 0.7564102564102564. 
[INFO]2024-06-04 23:19:13,630 rca.py:380: top 4 acc: 0.7692307692307693. 
[INFO]2024-06-04 23:19:13,630 rca.py:380: top 5 acc: 0.7948717948717948. 
[INFO]2024-06-04 23:19:13,630 rca.py:380: top 6 acc: 0.8205128205128205. 
[INFO]2024-06-04 23:19:13,630 rca.py:380: top 7 acc: 0.8589743589743589. 
[INFO]2024-06-04 23:19:13,630 rca.py:380: top 8 acc: 0.8589743589743589. 
[INFO]2024-06-04 23:19:13,630 rca.py:380: top 9 acc: 0.8846153846153846. 
[INFO]2024-06-04 23:19:13,630 rca.py:380: top 10 acc: 0.8974358974358975. 
[INFO]2024-06-04 23:19:13,630 utils.py:90: Save to: ./model-store/TrainTicket/CustomGAE/rca_2024_06_04_23_18/rca_metrics_0.2_all.json。
[INFO]2024-06-04 23:19:13,630 run.py:370: -----------------RCA parameters: individual_coef: 0.3.-----------------
[INFO]2024-06-04 23:19:14,051 utils.py:90: Save to: ./model-store/TrainTicket/CustomGAE/rca_2024_06_04_23_18/rca_result_0.3.json。
[INFO]2024-06-04 23:19:14,051 rca.py:376: -----------------RCA metrics-----------------
[INFO]2024-06-04 23:19:14,051 rca.py:377: n: 32. skipped: 0.
[INFO]2024-06-04 23:19:14,051 rca.py:378: avg_rank: 1.09375. 
[INFO]2024-06-04 23:19:14,051 rca.py:380: top 1 acc: 0.9375. 
[INFO]2024-06-04 23:19:14,051 rca.py:380: top 2 acc: 0.96875. 
[INFO]2024-06-04 23:19:14,051 rca.py:380: top 3 acc: 1.0. 
[INFO]2024-06-04 23:19:14,051 rca.py:380: top 4 acc: 1.0. 
[INFO]2024-06-04 23:19:14,051 rca.py:380: top 5 acc: 1.0. 
[INFO]2024-06-04 23:19:14,051 rca.py:380: top 6 acc: 1.0. 
[INFO]2024-06-04 23:19:14,051 rca.py:380: top 7 acc: 1.0. 
[INFO]2024-06-04 23:19:14,052 rca.py:380: top 8 acc: 1.0. 
[INFO]2024-06-04 23:19:14,052 rca.py:380: top 9 acc: 1.0. 
[INFO]2024-06-04 23:19:14,052 rca.py:380: top 10 acc: 1.0. 
[INFO]2024-06-04 23:19:14,052 utils.py:90: Save to: ./model-store/TrainTicket/CustomGAE/rca_2024_06_04_23_18/rca_metrics_0.3_cpu_contention.json。
[INFO]2024-06-04 23:19:14,052 rca.py:376: -----------------RCA metrics-----------------
[INFO]2024-06-04 23:19:14,052 rca.py:377: n: 46. skipped: 0.
[INFO]2024-06-04 23:19:14,052 rca.py:378: avg_rank: 3.6956521739130435. 
[INFO]2024-06-04 23:19:14,052 rca.py:380: top 1 acc: 0.5. 
[INFO]2024-06-04 23:19:14,052 rca.py:380: top 2 acc: 0.6304347826086957. 
[INFO]2024-06-04 23:19:14,052 rca.py:380: top 3 acc: 0.6304347826086957. 
[INFO]2024-06-04 23:19:14,052 rca.py:380: top 4 acc: 0.6956521739130435. 
[INFO]2024-06-04 23:19:14,052 rca.py:380: top 5 acc: 0.717391304347826. 
[INFO]2024-06-04 23:19:14,052 rca.py:380: top 6 acc: 0.7391304347826086. 
[INFO]2024-06-04 23:19:14,052 rca.py:380: top 7 acc: 0.7608695652173914. 
[INFO]2024-06-04 23:19:14,052 rca.py:380: top 8 acc: 0.8043478260869565. 
[INFO]2024-06-04 23:19:14,052 rca.py:380: top 9 acc: 0.8260869565217391. 
[INFO]2024-06-04 23:19:14,052 rca.py:380: top 10 acc: 0.8260869565217391. 
[INFO]2024-06-04 23:19:14,053 utils.py:90: Save to: ./model-store/TrainTicket/CustomGAE/rca_2024_06_04_23_18/rca_metrics_0.3_network_delay.json。
[INFO]2024-06-04 23:19:14,053 rca.py:376: -----------------RCA metrics-----------------
[INFO]2024-06-04 23:19:14,053 rca.py:377: n: 78. skipped: 0.
[INFO]2024-06-04 23:19:14,053 rca.py:378: avg_rank: 2.628205128205128. 
[INFO]2024-06-04 23:19:14,053 rca.py:380: top 1 acc: 0.6794871794871795. 
[INFO]2024-06-04 23:19:14,053 rca.py:380: top 2 acc: 0.7692307692307693. 
[INFO]2024-06-04 23:19:14,053 rca.py:380: top 3 acc: 0.782051282051282. 
[INFO]2024-06-04 23:19:14,053 rca.py:380: top 4 acc: 0.8205128205128205. 
[INFO]2024-06-04 23:19:14,053 rca.py:380: top 5 acc: 0.8333333333333334. 
[INFO]2024-06-04 23:19:14,053 rca.py:380: top 6 acc: 0.8461538461538461. 
[INFO]2024-06-04 23:19:14,053 rca.py:380: top 7 acc: 0.8589743589743589. 
[INFO]2024-06-04 23:19:14,053 rca.py:380: top 8 acc: 0.8846153846153846. 
[INFO]2024-06-04 23:19:14,053 rca.py:380: top 9 acc: 0.8974358974358975. 
[INFO]2024-06-04 23:19:14,053 rca.py:380: top 10 acc: 0.8974358974358975. 
[INFO]2024-06-04 23:19:14,053 utils.py:90: Save to: ./model-store/TrainTicket/CustomGAE/rca_2024_06_04_23_18/rca_metrics_0.3_all.json。
[INFO]2024-06-04 23:19:14,053 run.py:370: -----------------RCA parameters: individual_coef: 0.4.-----------------
[INFO]2024-06-04 23:19:14,484 utils.py:90: Save to: ./model-store/TrainTicket/CustomGAE/rca_2024_06_04_23_18/rca_result_0.4.json。
[INFO]2024-06-04 23:19:14,484 rca.py:376: -----------------RCA metrics-----------------
[INFO]2024-06-04 23:19:14,484 rca.py:377: n: 32. skipped: 0.
[INFO]2024-06-04 23:19:14,484 rca.py:378: avg_rank: 1.03125. 
[INFO]2024-06-04 23:19:14,484 rca.py:380: top 1 acc: 0.96875. 
[INFO]2024-06-04 23:19:14,484 rca.py:380: top 2 acc: 1.0. 
[INFO]2024-06-04 23:19:14,485 rca.py:380: top 3 acc: 1.0. 
[INFO]2024-06-04 23:19:14,485 rca.py:380: top 4 acc: 1.0. 
[INFO]2024-06-04 23:19:14,485 rca.py:380: top 5 acc: 1.0. 
[INFO]2024-06-04 23:19:14,485 rca.py:380: top 6 acc: 1.0. 
[INFO]2024-06-04 23:19:14,485 rca.py:380: top 7 acc: 1.0. 
[INFO]2024-06-04 23:19:14,485 rca.py:380: top 8 acc: 1.0. 
[INFO]2024-06-04 23:19:14,485 rca.py:380: top 9 acc: 1.0. 
[INFO]2024-06-04 23:19:14,485 rca.py:380: top 10 acc: 1.0. 
[INFO]2024-06-04 23:19:14,485 utils.py:90: Save to: ./model-store/TrainTicket/CustomGAE/rca_2024_06_04_23_18/rca_metrics_0.4_cpu_contention.json。
[INFO]2024-06-04 23:19:14,485 rca.py:376: -----------------RCA metrics-----------------
[INFO]2024-06-04 23:19:14,485 rca.py:377: n: 46. skipped: 0.
[INFO]2024-06-04 23:19:14,485 rca.py:378: avg_rank: 3.391304347826087. 
[INFO]2024-06-04 23:19:14,485 rca.py:380: top 1 acc: 0.5434782608695652. 
[INFO]2024-06-04 23:19:14,485 rca.py:380: top 2 acc: 0.6304347826086957. 
[INFO]2024-06-04 23:19:14,485 rca.py:380: top 3 acc: 0.6956521739130435. 
[INFO]2024-06-04 23:19:14,485 rca.py:380: top 4 acc: 0.7391304347826086. 
[INFO]2024-06-04 23:19:14,485 rca.py:380: top 5 acc: 0.7608695652173914. 
[INFO]2024-06-04 23:19:14,486 rca.py:380: top 6 acc: 0.8043478260869565. 
[INFO]2024-06-04 23:19:14,486 rca.py:380: top 7 acc: 0.8043478260869565. 
[INFO]2024-06-04 23:19:14,486 rca.py:380: top 8 acc: 0.8043478260869565. 
[INFO]2024-06-04 23:19:14,486 rca.py:380: top 9 acc: 0.8260869565217391. 
[INFO]2024-06-04 23:19:14,486 rca.py:380: top 10 acc: 0.8260869565217391. 
[INFO]2024-06-04 23:19:14,486 utils.py:90: Save to: ./model-store/TrainTicket/CustomGAE/rca_2024_06_04_23_18/rca_metrics_0.4_network_delay.json。
[INFO]2024-06-04 23:19:14,486 rca.py:376: -----------------RCA metrics-----------------
[INFO]2024-06-04 23:19:14,486 rca.py:377: n: 78. skipped: 0.
[INFO]2024-06-04 23:19:14,486 rca.py:378: avg_rank: 2.423076923076923. 
[INFO]2024-06-04 23:19:14,486 rca.py:380: top 1 acc: 0.717948717948718. 
[INFO]2024-06-04 23:19:14,486 rca.py:380: top 2 acc: 0.782051282051282. 
[INFO]2024-06-04 23:19:14,486 rca.py:380: top 3 acc: 0.8205128205128205. 
[INFO]2024-06-04 23:19:14,486 rca.py:380: top 4 acc: 0.8461538461538461. 
[INFO]2024-06-04 23:19:14,486 rca.py:380: top 5 acc: 0.8589743589743589. 
[INFO]2024-06-04 23:19:14,486 rca.py:380: top 6 acc: 0.8846153846153846. 
[INFO]2024-06-04 23:19:14,486 rca.py:380: top 7 acc: 0.8846153846153846. 
[INFO]2024-06-04 23:19:14,486 rca.py:380: top 8 acc: 0.8846153846153846. 
[INFO]2024-06-04 23:19:14,486 rca.py:380: top 9 acc: 0.8974358974358975. 
[INFO]2024-06-04 23:19:14,486 rca.py:380: top 10 acc: 0.8974358974358975. 
[INFO]2024-06-04 23:19:14,487 utils.py:90: Save to: ./model-store/TrainTicket/CustomGAE/rca_2024_06_04_23_18/rca_metrics_0.4_all.json。
[INFO]2024-06-04 23:19:14,487 run.py:370: -----------------RCA parameters: individual_coef: 0.5.-----------------
[INFO]2024-06-04 23:19:15,113 utils.py:90: Save to: ./model-store/TrainTicket/CustomGAE/rca_2024_06_04_23_18/rca_result_0.5.json。
[INFO]2024-06-04 23:19:15,114 rca.py:376: -----------------RCA metrics-----------------
[INFO]2024-06-04 23:19:15,114 rca.py:377: n: 32. skipped: 0.
[INFO]2024-06-04 23:19:15,114 rca.py:378: avg_rank: 1.03125. 
[INFO]2024-06-04 23:19:15,114 rca.py:380: top 1 acc: 0.96875. 
[INFO]2024-06-04 23:19:15,114 rca.py:380: top 2 acc: 1.0. 
[INFO]2024-06-04 23:19:15,114 rca.py:380: top 3 acc: 1.0. 
[INFO]2024-06-04 23:19:15,114 rca.py:380: top 4 acc: 1.0. 
[INFO]2024-06-04 23:19:15,115 rca.py:380: top 5 acc: 1.0. 
[INFO]2024-06-04 23:19:15,115 rca.py:380: top 6 acc: 1.0. 
[INFO]2024-06-04 23:19:15,115 rca.py:380: top 7 acc: 1.0. 
[INFO]2024-06-04 23:19:15,115 rca.py:380: top 8 acc: 1.0. 
[INFO]2024-06-04 23:19:15,115 rca.py:380: top 9 acc: 1.0. 
[INFO]2024-06-04 23:19:15,115 rca.py:380: top 10 acc: 1.0. 
[INFO]2024-06-04 23:19:15,115 utils.py:90: Save to: ./model-store/TrainTicket/CustomGAE/rca_2024_06_04_23_18/rca_metrics_0.5_cpu_contention.json。
[INFO]2024-06-04 23:19:15,116 rca.py:376: -----------------RCA metrics-----------------
[INFO]2024-06-04 23:19:15,116 rca.py:377: n: 46. skipped: 0.
[INFO]2024-06-04 23:19:15,116 rca.py:378: avg_rank: 3.0652173913043477. 
[INFO]2024-06-04 23:19:15,116 rca.py:380: top 1 acc: 0.5869565217391305. 
[INFO]2024-06-04 23:19:15,116 rca.py:380: top 2 acc: 0.717391304347826. 
[INFO]2024-06-04 23:19:15,116 rca.py:380: top 3 acc: 0.7608695652173914. 
[INFO]2024-06-04 23:19:15,116 rca.py:380: top 4 acc: 0.7608695652173914. 
[INFO]2024-06-04 23:19:15,116 rca.py:380: top 5 acc: 0.8043478260869565. 
[INFO]2024-06-04 23:19:15,116 rca.py:380: top 6 acc: 0.8260869565217391. 
[INFO]2024-06-04 23:19:15,117 rca.py:380: top 7 acc: 0.8260869565217391. 
[INFO]2024-06-04 23:19:15,117 rca.py:380: top 8 acc: 0.8260869565217391. 
[INFO]2024-06-04 23:19:15,117 rca.py:380: top 9 acc: 0.8260869565217391. 
[INFO]2024-06-04 23:19:15,117 rca.py:380: top 10 acc: 0.8260869565217391. 
[INFO]2024-06-04 23:19:15,117 utils.py:90: Save to: ./model-store/TrainTicket/CustomGAE/rca_2024_06_04_23_18/rca_metrics_0.5_network_delay.json。
[INFO]2024-06-04 23:19:15,118 rca.py:376: -----------------RCA metrics-----------------
[INFO]2024-06-04 23:19:15,118 rca.py:377: n: 78. skipped: 0.
[INFO]2024-06-04 23:19:15,118 rca.py:378: avg_rank: 2.230769230769231. 
[INFO]2024-06-04 23:19:15,118 rca.py:380: top 1 acc: 0.7435897435897436. 
[INFO]2024-06-04 23:19:15,118 rca.py:380: top 2 acc: 0.8333333333333334. 
[INFO]2024-06-04 23:19:15,118 rca.py:380: top 3 acc: 0.8589743589743589. 
[INFO]2024-06-04 23:19:15,118 rca.py:380: top 4 acc: 0.8589743589743589. 
[INFO]2024-06-04 23:19:15,118 rca.py:380: top 5 acc: 0.8846153846153846. 
[INFO]2024-06-04 23:19:15,118 rca.py:380: top 6 acc: 0.8974358974358975. 
[INFO]2024-06-04 23:19:15,118 rca.py:380: top 7 acc: 0.8974358974358975. 
[INFO]2024-06-04 23:19:15,119 rca.py:380: top 8 acc: 0.8974358974358975. 
[INFO]2024-06-04 23:19:15,119 rca.py:380: top 9 acc: 0.8974358974358975. 
[INFO]2024-06-04 23:19:15,119 rca.py:380: top 10 acc: 0.8974358974358975. 
[INFO]2024-06-04 23:19:15,119 utils.py:90: Save to: ./model-store/TrainTicket/CustomGAE/rca_2024_06_04_23_18/rca_metrics_0.5_all.json。
[INFO]2024-06-04 23:19:15,119 run.py:370: -----------------RCA parameters: individual_coef: 0.6.-----------------
[INFO]2024-06-04 23:19:15,545 utils.py:90: Save to: ./model-store/TrainTicket/CustomGAE/rca_2024_06_04_23_18/rca_result_0.6.json。
[INFO]2024-06-04 23:19:15,546 rca.py:376: -----------------RCA metrics-----------------
[INFO]2024-06-04 23:19:15,546 rca.py:377: n: 32. skipped: 0.
[INFO]2024-06-04 23:19:15,546 rca.py:378: avg_rank: 1.0. 
[INFO]2024-06-04 23:19:15,546 rca.py:380: top 1 acc: 1.0. 
[INFO]2024-06-04 23:19:15,546 rca.py:380: top 2 acc: 1.0. 
[INFO]2024-06-04 23:19:15,546 rca.py:380: top 3 acc: 1.0. 
[INFO]2024-06-04 23:19:15,546 rca.py:380: top 4 acc: 1.0. 
[INFO]2024-06-04 23:19:15,546 rca.py:380: top 5 acc: 1.0. 
[INFO]2024-06-04 23:19:15,546 rca.py:380: top 6 acc: 1.0. 
[INFO]2024-06-04 23:19:15,546 rca.py:380: top 7 acc: 1.0. 
[INFO]2024-06-04 23:19:15,546 rca.py:380: top 8 acc: 1.0. 
[INFO]2024-06-04 23:19:15,546 rca.py:380: top 9 acc: 1.0. 
[INFO]2024-06-04 23:19:15,546 rca.py:380: top 10 acc: 1.0. 
[INFO]2024-06-04 23:19:15,546 utils.py:90: Save to: ./model-store/TrainTicket/CustomGAE/rca_2024_06_04_23_18/rca_metrics_0.6_cpu_contention.json。
[INFO]2024-06-04 23:19:15,546 rca.py:376: -----------------RCA metrics-----------------
[INFO]2024-06-04 23:19:15,547 rca.py:377: n: 46. skipped: 0.
[INFO]2024-06-04 23:19:15,547 rca.py:378: avg_rank: 3.0869565217391304. 
[INFO]2024-06-04 23:19:15,547 rca.py:380: top 1 acc: 0.5869565217391305. 
[INFO]2024-06-04 23:19:15,547 rca.py:380: top 2 acc: 0.717391304347826. 
[INFO]2024-06-04 23:19:15,547 rca.py:380: top 3 acc: 0.7391304347826086. 
[INFO]2024-06-04 23:19:15,547 rca.py:380: top 4 acc: 0.7608695652173914. 
[INFO]2024-06-04 23:19:15,547 rca.py:380: top 5 acc: 0.8043478260869565. 
[INFO]2024-06-04 23:19:15,547 rca.py:380: top 6 acc: 0.8260869565217391. 
[INFO]2024-06-04 23:19:15,547 rca.py:380: top 7 acc: 0.8260869565217391. 
[INFO]2024-06-04 23:19:15,547 rca.py:380: top 8 acc: 0.8260869565217391. 
[INFO]2024-06-04 23:19:15,547 rca.py:380: top 9 acc: 0.8260869565217391. 
[INFO]2024-06-04 23:19:15,547 rca.py:380: top 10 acc: 0.8260869565217391. 
[INFO]2024-06-04 23:19:15,547 utils.py:90: Save to: ./model-store/TrainTicket/CustomGAE/rca_2024_06_04_23_18/rca_metrics_0.6_network_delay.json。
[INFO]2024-06-04 23:19:15,547 rca.py:376: -----------------RCA metrics-----------------
[INFO]2024-06-04 23:19:15,547 rca.py:377: n: 78. skipped: 0.
[INFO]2024-06-04 23:19:15,547 rca.py:378: avg_rank: 2.230769230769231. 
[INFO]2024-06-04 23:19:15,547 rca.py:380: top 1 acc: 0.7564102564102564. 
[INFO]2024-06-04 23:19:15,547 rca.py:380: top 2 acc: 0.8333333333333334. 
[INFO]2024-06-04 23:19:15,548 rca.py:380: top 3 acc: 0.8461538461538461. 
[INFO]2024-06-04 23:19:15,548 rca.py:380: top 4 acc: 0.8589743589743589. 
[INFO]2024-06-04 23:19:15,548 rca.py:380: top 5 acc: 0.8846153846153846. 
[INFO]2024-06-04 23:19:15,548 rca.py:380: top 6 acc: 0.8974358974358975. 
[INFO]2024-06-04 23:19:15,548 rca.py:380: top 7 acc: 0.8974358974358975. 
[INFO]2024-06-04 23:19:15,548 rca.py:380: top 8 acc: 0.8974358974358975. 
[INFO]2024-06-04 23:19:15,548 rca.py:380: top 9 acc: 0.8974358974358975. 
[INFO]2024-06-04 23:19:15,548 rca.py:380: top 10 acc: 0.8974358974358975. 
[INFO]2024-06-04 23:19:15,548 utils.py:90: Save to: ./model-store/TrainTicket/CustomGAE/rca_2024_06_04_23_18/rca_metrics_0.6_all.json。
[INFO]2024-06-04 23:19:15,548 run.py:370: -----------------RCA parameters: individual_coef: 0.7.-----------------
[INFO]2024-06-04 23:19:15,971 utils.py:90: Save to: ./model-store/TrainTicket/CustomGAE/rca_2024_06_04_23_18/rca_result_0.7.json。
[INFO]2024-06-04 23:19:15,971 rca.py:376: -----------------RCA metrics-----------------
[INFO]2024-06-04 23:19:15,971 rca.py:377: n: 32. skipped: 0.
[INFO]2024-06-04 23:19:15,971 rca.py:378: avg_rank: 1.0. 
[INFO]2024-06-04 23:19:15,971 rca.py:380: top 1 acc: 1.0. 
[INFO]2024-06-04 23:19:15,971 rca.py:380: top 2 acc: 1.0. 
[INFO]2024-06-04 23:19:15,971 rca.py:380: top 3 acc: 1.0. 
[INFO]2024-06-04 23:19:15,971 rca.py:380: top 4 acc: 1.0. 
[INFO]2024-06-04 23:19:15,971 rca.py:380: top 5 acc: 1.0. 
[INFO]2024-06-04 23:19:15,971 rca.py:380: top 6 acc: 1.0. 
[INFO]2024-06-04 23:19:15,971 rca.py:380: top 7 acc: 1.0. 
[INFO]2024-06-04 23:19:15,971 rca.py:380: top 8 acc: 1.0. 
[INFO]2024-06-04 23:19:15,971 rca.py:380: top 9 acc: 1.0. 
[INFO]2024-06-04 23:19:15,971 rca.py:380: top 10 acc: 1.0. 
[INFO]2024-06-04 23:19:15,972 utils.py:90: Save to: ./model-store/TrainTicket/CustomGAE/rca_2024_06_04_23_18/rca_metrics_0.7_cpu_contention.json。
[INFO]2024-06-04 23:19:15,972 rca.py:376: -----------------RCA metrics-----------------
[INFO]2024-06-04 23:19:15,972 rca.py:377: n: 46. skipped: 0.
[INFO]2024-06-04 23:19:15,972 rca.py:378: avg_rank: 3.0217391304347827. 
[INFO]2024-06-04 23:19:15,972 rca.py:380: top 1 acc: 0.6086956521739131. 
[INFO]2024-06-04 23:19:15,972 rca.py:380: top 2 acc: 0.717391304347826. 
[INFO]2024-06-04 23:19:15,972 rca.py:380: top 3 acc: 0.7391304347826086. 
[INFO]2024-06-04 23:19:15,972 rca.py:380: top 4 acc: 0.8043478260869565. 
[INFO]2024-06-04 23:19:15,972 rca.py:380: top 5 acc: 0.8043478260869565. 
[INFO]2024-06-04 23:19:15,972 rca.py:380: top 6 acc: 0.8260869565217391. 
[INFO]2024-06-04 23:19:15,972 rca.py:380: top 7 acc: 0.8260869565217391. 
[INFO]2024-06-04 23:19:15,972 rca.py:380: top 8 acc: 0.8260869565217391. 
[INFO]2024-06-04 23:19:15,972 rca.py:380: top 9 acc: 0.8260869565217391. 
[INFO]2024-06-04 23:19:15,972 rca.py:380: top 10 acc: 0.8260869565217391. 
[INFO]2024-06-04 23:19:15,972 utils.py:90: Save to: ./model-store/TrainTicket/CustomGAE/rca_2024_06_04_23_18/rca_metrics_0.7_network_delay.json。
[INFO]2024-06-04 23:19:15,973 rca.py:376: -----------------RCA metrics-----------------
[INFO]2024-06-04 23:19:15,973 rca.py:377: n: 78. skipped: 0.
[INFO]2024-06-04 23:19:15,973 rca.py:378: avg_rank: 2.1923076923076925. 
[INFO]2024-06-04 23:19:15,973 rca.py:380: top 1 acc: 0.7692307692307693. 
[INFO]2024-06-04 23:19:15,973 rca.py:380: top 2 acc: 0.8333333333333334. 
[INFO]2024-06-04 23:19:15,973 rca.py:380: top 3 acc: 0.8461538461538461. 
[INFO]2024-06-04 23:19:15,973 rca.py:380: top 4 acc: 0.8846153846153846. 
[INFO]2024-06-04 23:19:15,973 rca.py:380: top 5 acc: 0.8846153846153846. 
[INFO]2024-06-04 23:19:15,973 rca.py:380: top 6 acc: 0.8974358974358975. 
[INFO]2024-06-04 23:19:15,973 rca.py:380: top 7 acc: 0.8974358974358975. 
[INFO]2024-06-04 23:19:15,973 rca.py:380: top 8 acc: 0.8974358974358975. 
[INFO]2024-06-04 23:19:15,973 rca.py:380: top 9 acc: 0.8974358974358975. 
[INFO]2024-06-04 23:19:15,973 rca.py:380: top 10 acc: 0.8974358974358975. 
[INFO]2024-06-04 23:19:15,973 utils.py:90: Save to: ./model-store/TrainTicket/CustomGAE/rca_2024_06_04_23_18/rca_metrics_0.7_all.json。
[INFO]2024-06-04 23:19:15,973 run.py:370: -----------------RCA parameters: individual_coef: 0.8.-----------------
[INFO]2024-06-04 23:19:16,405 utils.py:90: Save to: ./model-store/TrainTicket/CustomGAE/rca_2024_06_04_23_18/rca_result_0.8.json。
[INFO]2024-06-04 23:19:16,405 rca.py:376: -----------------RCA metrics-----------------
[INFO]2024-06-04 23:19:16,405 rca.py:377: n: 32. skipped: 0.
[INFO]2024-06-04 23:19:16,405 rca.py:378: avg_rank: 1.0. 
[INFO]2024-06-04 23:19:16,405 rca.py:380: top 1 acc: 1.0. 
[INFO]2024-06-04 23:19:16,405 rca.py:380: top 2 acc: 1.0. 
[INFO]2024-06-04 23:19:16,405 rca.py:380: top 3 acc: 1.0. 
[INFO]2024-06-04 23:19:16,405 rca.py:380: top 4 acc: 1.0. 
[INFO]2024-06-04 23:19:16,405 rca.py:380: top 5 acc: 1.0. 
[INFO]2024-06-04 23:19:16,405 rca.py:380: top 6 acc: 1.0. 
[INFO]2024-06-04 23:19:16,405 rca.py:380: top 7 acc: 1.0. 
[INFO]2024-06-04 23:19:16,405 rca.py:380: top 8 acc: 1.0. 
[INFO]2024-06-04 23:19:16,406 rca.py:380: top 9 acc: 1.0. 
[INFO]2024-06-04 23:19:16,406 rca.py:380: top 10 acc: 1.0. 
[INFO]2024-06-04 23:19:16,406 utils.py:90: Save to: ./model-store/TrainTicket/CustomGAE/rca_2024_06_04_23_18/rca_metrics_0.8_cpu_contention.json。
[INFO]2024-06-04 23:19:16,406 rca.py:376: -----------------RCA metrics-----------------
[INFO]2024-06-04 23:19:16,406 rca.py:377: n: 46. skipped: 0.
[INFO]2024-06-04 23:19:16,406 rca.py:378: avg_rank: 2.9347826086956523. 
[INFO]2024-06-04 23:19:16,406 rca.py:380: top 1 acc: 0.6304347826086957. 
[INFO]2024-06-04 23:19:16,406 rca.py:380: top 2 acc: 0.7391304347826086. 
[INFO]2024-06-04 23:19:16,406 rca.py:380: top 3 acc: 0.782608695652174. 
[INFO]2024-06-04 23:19:16,406 rca.py:380: top 4 acc: 0.8043478260869565. 
[INFO]2024-06-04 23:19:16,406 rca.py:380: top 5 acc: 0.8043478260869565. 
[INFO]2024-06-04 23:19:16,406 rca.py:380: top 6 acc: 0.8260869565217391. 
[INFO]2024-06-04 23:19:16,406 rca.py:380: top 7 acc: 0.8260869565217391. 
[INFO]2024-06-04 23:19:16,406 rca.py:380: top 8 acc: 0.8260869565217391. 
[INFO]2024-06-04 23:19:16,406 rca.py:380: top 9 acc: 0.8260869565217391. 
[INFO]2024-06-04 23:19:16,406 rca.py:380: top 10 acc: 0.8260869565217391. 
[INFO]2024-06-04 23:19:16,407 utils.py:90: Save to: ./model-store/TrainTicket/CustomGAE/rca_2024_06_04_23_18/rca_metrics_0.8_network_delay.json。
[INFO]2024-06-04 23:19:16,407 rca.py:376: -----------------RCA metrics-----------------
[INFO]2024-06-04 23:19:16,407 rca.py:377: n: 78. skipped: 0.
[INFO]2024-06-04 23:19:16,407 rca.py:378: avg_rank: 2.141025641025641. 
[INFO]2024-06-04 23:19:16,407 rca.py:380: top 1 acc: 0.782051282051282. 
[INFO]2024-06-04 23:19:16,407 rca.py:380: top 2 acc: 0.8461538461538461. 
[INFO]2024-06-04 23:19:16,407 rca.py:380: top 3 acc: 0.8717948717948718. 
[INFO]2024-06-04 23:19:16,407 rca.py:380: top 4 acc: 0.8846153846153846. 
[INFO]2024-06-04 23:19:16,407 rca.py:380: top 5 acc: 0.8846153846153846. 
[INFO]2024-06-04 23:19:16,407 rca.py:380: top 6 acc: 0.8974358974358975. 
[INFO]2024-06-04 23:19:16,407 rca.py:380: top 7 acc: 0.8974358974358975. 
[INFO]2024-06-04 23:19:16,407 rca.py:380: top 8 acc: 0.8974358974358975. 
[INFO]2024-06-04 23:19:16,407 rca.py:380: top 9 acc: 0.8974358974358975. 
[INFO]2024-06-04 23:19:16,407 rca.py:380: top 10 acc: 0.8974358974358975. 
[INFO]2024-06-04 23:19:16,407 utils.py:90: Save to: ./model-store/TrainTicket/CustomGAE/rca_2024_06_04_23_18/rca_metrics_0.8_all.json。
[INFO]2024-06-04 23:19:16,407 run.py:370: -----------------RCA parameters: individual_coef: 0.9.-----------------
[INFO]2024-06-04 23:19:16,831 utils.py:90: Save to: ./model-store/TrainTicket/CustomGAE/rca_2024_06_04_23_18/rca_result_0.9.json。
[INFO]2024-06-04 23:19:16,832 rca.py:376: -----------------RCA metrics-----------------
[INFO]2024-06-04 23:19:16,832 rca.py:377: n: 32. skipped: 0.
[INFO]2024-06-04 23:19:16,832 rca.py:378: avg_rank: 1.0. 
[INFO]2024-06-04 23:19:16,832 rca.py:380: top 1 acc: 1.0. 
[INFO]2024-06-04 23:19:16,832 rca.py:380: top 2 acc: 1.0. 
[INFO]2024-06-04 23:19:16,832 rca.py:380: top 3 acc: 1.0. 
[INFO]2024-06-04 23:19:16,832 rca.py:380: top 4 acc: 1.0. 
[INFO]2024-06-04 23:19:16,832 rca.py:380: top 5 acc: 1.0. 
[INFO]2024-06-04 23:19:16,832 rca.py:380: top 6 acc: 1.0. 
[INFO]2024-06-04 23:19:16,832 rca.py:380: top 7 acc: 1.0. 
[INFO]2024-06-04 23:19:16,832 rca.py:380: top 8 acc: 1.0. 
[INFO]2024-06-04 23:19:16,832 rca.py:380: top 9 acc: 1.0. 
[INFO]2024-06-04 23:19:16,832 rca.py:380: top 10 acc: 1.0. 
[INFO]2024-06-04 23:19:16,832 utils.py:90: Save to: ./model-store/TrainTicket/CustomGAE/rca_2024_06_04_23_18/rca_metrics_0.9_cpu_contention.json。
[INFO]2024-06-04 23:19:16,832 rca.py:376: -----------------RCA metrics-----------------
[INFO]2024-06-04 23:19:16,832 rca.py:377: n: 46. skipped: 0.
[INFO]2024-06-04 23:19:16,833 rca.py:378: avg_rank: 2.891304347826087. 
[INFO]2024-06-04 23:19:16,833 rca.py:380: top 1 acc: 0.6304347826086957. 
[INFO]2024-06-04 23:19:16,833 rca.py:380: top 2 acc: 0.7391304347826086. 
[INFO]2024-06-04 23:19:16,833 rca.py:380: top 3 acc: 0.8043478260869565. 
[INFO]2024-06-04 23:19:16,833 rca.py:380: top 4 acc: 0.8043478260869565. 
[INFO]2024-06-04 23:19:16,833 rca.py:380: top 5 acc: 0.8260869565217391. 
[INFO]2024-06-04 23:19:16,833 rca.py:380: top 6 acc: 0.8260869565217391. 
[INFO]2024-06-04 23:19:16,833 rca.py:380: top 7 acc: 0.8260869565217391. 
[INFO]2024-06-04 23:19:16,833 rca.py:380: top 8 acc: 0.8260869565217391. 
[INFO]2024-06-04 23:19:16,833 rca.py:380: top 9 acc: 0.8260869565217391. 
[INFO]2024-06-04 23:19:16,833 rca.py:380: top 10 acc: 0.8260869565217391. 
[INFO]2024-06-04 23:19:16,833 utils.py:90: Save to: ./model-store/TrainTicket/CustomGAE/rca_2024_06_04_23_18/rca_metrics_0.9_network_delay.json。
[INFO]2024-06-04 23:19:16,833 rca.py:376: -----------------RCA metrics-----------------
[INFO]2024-06-04 23:19:16,833 rca.py:377: n: 78. skipped: 0.
[INFO]2024-06-04 23:19:16,833 rca.py:378: avg_rank: 2.1153846153846154. 
[INFO]2024-06-04 23:19:16,833 rca.py:380: top 1 acc: 0.782051282051282. 
[INFO]2024-06-04 23:19:16,833 rca.py:380: top 2 acc: 0.8461538461538461. 
[INFO]2024-06-04 23:19:16,833 rca.py:380: top 3 acc: 0.8846153846153846. 
[INFO]2024-06-04 23:19:16,833 rca.py:380: top 4 acc: 0.8846153846153846. 
[INFO]2024-06-04 23:19:16,833 rca.py:380: top 5 acc: 0.8974358974358975. 
[INFO]2024-06-04 23:19:16,834 rca.py:380: top 6 acc: 0.8974358974358975. 
[INFO]2024-06-04 23:19:16,834 rca.py:380: top 7 acc: 0.8974358974358975. 
[INFO]2024-06-04 23:19:16,834 rca.py:380: top 8 acc: 0.8974358974358975. 
[INFO]2024-06-04 23:19:16,834 rca.py:380: top 9 acc: 0.8974358974358975. 
[INFO]2024-06-04 23:19:16,834 rca.py:380: top 10 acc: 0.8974358974358975. 
[INFO]2024-06-04 23:19:16,834 utils.py:90: Save to: ./model-store/TrainTicket/CustomGAE/rca_2024_06_04_23_18/rca_metrics_0.9_all.json。
[INFO]2024-06-04 23:19:16,834 run.py:370: -----------------RCA parameters: individual_coef: 1.0.-----------------
[INFO]2024-06-04 23:19:17,210 utils.py:90: Save to: ./model-store/TrainTicket/CustomGAE/rca_2024_06_04_23_18/rca_result_1.0.json。
[INFO]2024-06-04 23:19:17,210 rca.py:376: -----------------RCA metrics-----------------
[INFO]2024-06-04 23:19:17,211 rca.py:377: n: 32. skipped: 0.
[INFO]2024-06-04 23:19:17,211 rca.py:378: avg_rank: 1.0. 
[INFO]2024-06-04 23:19:17,211 rca.py:380: top 1 acc: 1.0. 
[INFO]2024-06-04 23:19:17,211 rca.py:380: top 2 acc: 1.0. 
[INFO]2024-06-04 23:19:17,211 rca.py:380: top 3 acc: 1.0. 
[INFO]2024-06-04 23:19:17,211 rca.py:380: top 4 acc: 1.0. 
[INFO]2024-06-04 23:19:17,211 rca.py:380: top 5 acc: 1.0. 
[INFO]2024-06-04 23:19:17,211 rca.py:380: top 6 acc: 1.0. 
[INFO]2024-06-04 23:19:17,211 rca.py:380: top 7 acc: 1.0. 
[INFO]2024-06-04 23:19:17,211 rca.py:380: top 8 acc: 1.0. 
[INFO]2024-06-04 23:19:17,211 rca.py:380: top 9 acc: 1.0. 
[INFO]2024-06-04 23:19:17,211 rca.py:380: top 10 acc: 1.0. 
[INFO]2024-06-04 23:19:17,211 utils.py:90: Save to: ./model-store/TrainTicket/CustomGAE/rca_2024_06_04_23_18/rca_metrics_1.0_cpu_contention.json。
[INFO]2024-06-04 23:19:17,211 rca.py:376: -----------------RCA metrics-----------------
[INFO]2024-06-04 23:19:17,211 rca.py:377: n: 46. skipped: 0.
[INFO]2024-06-04 23:19:17,211 rca.py:378: avg_rank: 2.891304347826087. 
[INFO]2024-06-04 23:19:17,211 rca.py:380: top 1 acc: 0.6086956521739131. 
[INFO]2024-06-04 23:19:17,211 rca.py:380: top 2 acc: 0.7608695652173914. 
[INFO]2024-06-04 23:19:17,211 rca.py:380: top 3 acc: 0.8043478260869565. 
[INFO]2024-06-04 23:19:17,211 rca.py:380: top 4 acc: 0.8043478260869565. 
[INFO]2024-06-04 23:19:17,212 rca.py:380: top 5 acc: 0.8260869565217391. 
[INFO]2024-06-04 23:19:17,212 rca.py:380: top 6 acc: 0.8260869565217391. 
[INFO]2024-06-04 23:19:17,212 rca.py:380: top 7 acc: 0.8260869565217391. 
[INFO]2024-06-04 23:19:17,212 rca.py:380: top 8 acc: 0.8260869565217391. 
[INFO]2024-06-04 23:19:17,212 rca.py:380: top 9 acc: 0.8260869565217391. 
[INFO]2024-06-04 23:19:17,212 rca.py:380: top 10 acc: 0.8260869565217391. 
[INFO]2024-06-04 23:19:17,212 utils.py:90: Save to: ./model-store/TrainTicket/CustomGAE/rca_2024_06_04_23_18/rca_metrics_1.0_network_delay.json。
[INFO]2024-06-04 23:19:17,212 rca.py:376: -----------------RCA metrics-----------------
[INFO]2024-06-04 23:19:17,212 rca.py:377: n: 78. skipped: 0.
[INFO]2024-06-04 23:19:17,212 rca.py:378: avg_rank: 2.1153846153846154. 
[INFO]2024-06-04 23:19:17,212 rca.py:380: top 1 acc: 0.7692307692307693. 
[INFO]2024-06-04 23:19:17,212 rca.py:380: top 2 acc: 0.8589743589743589. 
[INFO]2024-06-04 23:19:17,212 rca.py:380: top 3 acc: 0.8846153846153846. 
[INFO]2024-06-04 23:19:17,212 rca.py:380: top 4 acc: 0.8846153846153846. 
[INFO]2024-06-04 23:19:17,212 rca.py:380: top 5 acc: 0.8974358974358975. 
[INFO]2024-06-04 23:19:17,212 rca.py:380: top 6 acc: 0.8974358974358975. 
[INFO]2024-06-04 23:19:17,212 rca.py:380: top 7 acc: 0.8974358974358975. 
[INFO]2024-06-04 23:19:17,212 rca.py:380: top 8 acc: 0.8974358974358975. 
[INFO]2024-06-04 23:19:17,212 rca.py:380: top 9 acc: 0.8974358974358975. 
[INFO]2024-06-04 23:19:17,213 rca.py:380: top 10 acc: 0.8974358974358975. 
[INFO]2024-06-04 23:19:17,213 utils.py:90: Save to: ./model-store/TrainTicket/CustomGAE/rca_2024_06_04_23_18/rca_metrics_1.0_all.json。
